mode: atomic
github.com/PlakarKorp/plakar/appcontext/appcontext.go:30.34,34.2 1 9
github.com/PlakarKorp/plakar/appcontext/appcontext.go:36.53,44.2 1 1
github.com/PlakarKorp/plakar/appcontext/appcontext.go:47.52,49.2 1 2
github.com/PlakarKorp/plakar/appcontext/appcontext.go:51.50,52.38 1 2
github.com/PlakarKorp/plakar/appcontext/appcontext.go:52.38,53.54 1 1
github.com/PlakarKorp/plakar/appcontext/appcontext.go:53.54,55.4 1 1
github.com/PlakarKorp/plakar/appcontext/appcontext.go:57.2,57.12 1 1
github.com/PlakarKorp/plakar/appcontext/appcontext.go:60.47,62.2 1 2
github.com/PlakarKorp/plakar/appcontext/appcontext.go:64.41,66.2 1 3
github.com/PlakarKorp/plakar/appcontext/appcontext.go:68.59,79.2 1 8
github.com/PlakarKorp/plakar/appcontext/appcontext.go:81.59,92.2 1 8
github.com/PlakarKorp/plakar/appcontext/appcontext.go:94.64,96.2 1 2
github.com/PlakarKorp/plakar/appcontext/appcontext.go:98.52,100.2 1 3
github.com/PlakarKorp/plakar/appcontext/appcontext.go:102.65,104.2 1 1
github.com/PlakarKorp/plakar/appcontext/appcontext.go:106.51,108.2 1 2
github.com/PlakarKorp/plakar/appcontext/appcontext.go:110.43,112.16 2 2
github.com/PlakarKorp/plakar/appcontext/appcontext.go:112.16,114.3 1 1
github.com/PlakarKorp/plakar/appcontext/appcontext.go:115.2,116.12 2 1
github.com/PlakarKorp/plakar/cached/cached.go:48.84,50.16 2 18
github.com/PlakarKorp/plakar/cached/cached.go:50.16,52.3 1 1
github.com/PlakarKorp/plakar/cached/cached.go:53.2,55.47 2 17
github.com/PlakarKorp/plakar/cached/cached.go:55.47,57.3 1 1
github.com/PlakarKorp/plakar/cached/cached.go:59.2,60.52 2 16
github.com/PlakarKorp/plakar/cached/cached.go:60.52,62.20 1 1
github.com/PlakarKorp/plakar/cached/cached.go:62.20,64.4 1 1
github.com/PlakarKorp/plakar/cached/cached.go:65.3,65.35 1 0
github.com/PlakarKorp/plakar/cached/cached.go:65.35,67.4 1 0
github.com/PlakarKorp/plakar/cached/cached.go:68.3,68.61 1 0
github.com/PlakarKorp/plakar/cached/cached.go:71.2,71.24 1 15
github.com/PlakarKorp/plakar/cached/cached.go:71.24,73.3 1 1
github.com/PlakarKorp/plakar/cached/cached.go:75.2,75.31 1 14
github.com/PlakarKorp/plakar/cached/cached.go:78.100,82.15 3 23
github.com/PlakarKorp/plakar/cached/cached.go:82.15,83.22 1 23
github.com/PlakarKorp/plakar/cached/cached.go:83.22,86.4 2 1
github.com/PlakarKorp/plakar/cached/cached.go:89.2,95.6 2 23
github.com/PlakarKorp/plakar/cached/cached.go:95.6,97.17 2 24
github.com/PlakarKorp/plakar/cached/cached.go:97.17,99.9 1 23
github.com/PlakarKorp/plakar/cached/cached.go:102.3,103.21 2 1
github.com/PlakarKorp/plakar/cached/cached.go:103.21,105.4 1 0
github.com/PlakarKorp/plakar/cached/cached.go:107.3,107.22 1 1
github.com/PlakarKorp/plakar/cached/cached.go:107.22,110.18 2 1
github.com/PlakarKorp/plakar/cached/cached.go:110.18,112.5 1 0
github.com/PlakarKorp/plakar/cached/cached.go:114.4,115.18 2 1
github.com/PlakarKorp/plakar/cached/cached.go:115.18,117.5 1 0
github.com/PlakarKorp/plakar/cached/cached.go:125.4,125.12 1 1
github.com/PlakarKorp/plakar/cached/cached.go:128.3,128.15 1 0
github.com/PlakarKorp/plakar/cached/cached.go:128.15,130.18 2 0
github.com/PlakarKorp/plakar/cached/cached.go:130.18,132.5 1 0
github.com/PlakarKorp/plakar/cached/cached.go:134.4,140.39 2 0
github.com/PlakarKorp/plakar/cached/cached.go:140.39,142.5 1 0
github.com/PlakarKorp/plakar/cached/cached.go:143.4,143.18 1 0
github.com/PlakarKorp/plakar/cached/cached.go:146.3,146.35 1 0
github.com/PlakarKorp/plakar/cached/cached.go:149.2,158.51 4 23
github.com/PlakarKorp/plakar/cached/cached.go:158.51,160.3 1 3
github.com/PlakarKorp/plakar/cached/cached.go:162.2,162.15 1 20
github.com/PlakarKorp/plakar/cached/cached.go:165.54,168.46 2 23
github.com/PlakarKorp/plakar/cached/cached.go:168.46,170.3 1 0
github.com/PlakarKorp/plakar/cached/cached.go:172.2,173.50 2 23
github.com/PlakarKorp/plakar/cached/cached.go:173.50,175.3 1 1
github.com/PlakarKorp/plakar/cached/cached.go:177.2,177.58 1 22
github.com/PlakarKorp/plakar/cached/cached.go:177.58,179.3 1 2
github.com/PlakarKorp/plakar/cached/cached.go:181.2,181.12 1 20
github.com/PlakarKorp/plakar/cached/cached.go:184.32,186.2 1 20
github.com/PlakarKorp/plakar/cached/cached.go:188.163,190.15 2 2
github.com/PlakarKorp/plakar/cached/cached.go:190.15,192.3 1 2
github.com/PlakarKorp/plakar/cached/cached.go:194.2,202.38 2 2
github.com/PlakarKorp/plakar/cached/cached.go:205.138,207.15 2 16
github.com/PlakarKorp/plakar/cached/cached.go:207.15,209.3 1 16
github.com/PlakarKorp/plakar/cached/cached.go:210.2,217.38 2 16
github.com/PlakarKorp/plakar/cached/flock.go:14.49,17.16 3 3
github.com/PlakarKorp/plakar/cached/flock.go:17.16,19.3 1 1
github.com/PlakarKorp/plakar/cached/flock.go:20.2,20.18 1 2
github.com/PlakarKorp/plakar/cached/flock.go:23.36,25.16 2 13
github.com/PlakarKorp/plakar/cached/flock.go:25.16,27.3 1 1
github.com/PlakarKorp/plakar/cached/flock.go:28.2,29.12 2 12
github.com/PlakarKorp/plakar/cached/flock.go:29.12,31.3 1 3
github.com/PlakarKorp/plakar/cached/flock.go:32.2,32.14 1 12
github.com/PlakarKorp/plakar/cached/flock.go:32.14,34.17 2 12
github.com/PlakarKorp/plakar/cached/flock.go:34.17,37.4 2 12
github.com/PlakarKorp/plakar/cached/flock.go:38.3,38.35 1 0
github.com/PlakarKorp/plakar/cached/flock.go:40.2,40.12 1 0
github.com/PlakarKorp/plakar/cached/flock.go:43.32,47.2 3 12
github.com/PlakarKorp/plakar/cached/flock_unix.go:11.31,13.2 1 14
github.com/PlakarKorp/plakar/config/config.go:23.26,29.2 1 29
github.com/PlakarKorp/plakar/config/config.go:31.50,34.2 2 2
github.com/PlakarKorp/plakar/config/config.go:36.72,37.35 1 10
github.com/PlakarKorp/plakar/config/config.go:37.35,39.3 1 2
github.com/PlakarKorp/plakar/config/config.go:41.2,44.9 3 8
github.com/PlakarKorp/plakar/config/config.go:44.9,46.3 1 1
github.com/PlakarKorp/plakar/config/config.go:47.2,47.34 1 7
github.com/PlakarKorp/plakar/config/config.go:47.34,49.3 1 1
github.com/PlakarKorp/plakar/config/config.go:49.8,54.17 4 6
github.com/PlakarKorp/plakar/config/config.go:54.17,56.4 1 1
github.com/PlakarKorp/plakar/config/config.go:57.3,58.18 2 5
github.com/PlakarKorp/plakar/config/config.go:62.46,65.2 2 2
github.com/PlakarKorp/plakar/config/config.go:67.67,70.36 2 4
github.com/PlakarKorp/plakar/config/config.go:70.36,72.3 1 1
github.com/PlakarKorp/plakar/config/config.go:72.8,77.17 4 3
github.com/PlakarKorp/plakar/config/config.go:77.17,79.4 1 1
github.com/PlakarKorp/plakar/config/config.go:80.3,81.17 2 2
github.com/PlakarKorp/plakar/config/config.go:85.51,88.2 2 2
github.com/PlakarKorp/plakar/config/config.go:90.72,93.41 2 4
github.com/PlakarKorp/plakar/config/config.go:93.41,95.3 1 1
github.com/PlakarKorp/plakar/config/config.go:95.8,100.17 4 3
github.com/PlakarKorp/plakar/config/config.go:100.17,102.4 1 1
github.com/PlakarKorp/plakar/config/config.go:103.3,104.17 2 2
github.com/PlakarKorp/plakar/config/config.go:108.56,109.48 1 22
github.com/PlakarKorp/plakar/config/config.go:109.48,111.3 1 8
github.com/PlakarKorp/plakar/config/config.go:111.8,113.3 1 14
github.com/PlakarKorp/plakar/config/config.go:116.78,117.24 1 18
github.com/PlakarKorp/plakar/config/config.go:117.24,119.3 1 4
github.com/PlakarKorp/plakar/config/config.go:121.2,123.15 2 14
github.com/PlakarKorp/plakar/config/config.go:123.15,124.43 1 7
github.com/PlakarKorp/plakar/config/config.go:124.43,126.4 1 3
github.com/PlakarKorp/plakar/config/config.go:126.9,128.4 1 4
github.com/PlakarKorp/plakar/config/config.go:129.8,131.17 2 7
github.com/PlakarKorp/plakar/config/config.go:131.17,133.4 1 4
github.com/PlakarKorp/plakar/config/config.go:134.3,134.43 1 3
github.com/PlakarKorp/plakar/config/config.go:134.43,136.4 1 1
github.com/PlakarKorp/plakar/config/config.go:136.9,138.4 1 2
github.com/PlakarKorp/plakar/config/config.go:139.3,139.24 1 3
github.com/PlakarKorp/plakar/config/config.go:141.2,141.22 1 10
github.com/PlakarKorp/plakar/config/load.go:32.39,34.16 2 27
github.com/PlakarKorp/plakar/config/load.go:34.16,35.25 1 3
github.com/PlakarKorp/plakar/config/load.go:35.25,37.4 1 3
github.com/PlakarKorp/plakar/config/load.go:38.3,38.61 1 0
github.com/PlakarKorp/plakar/config/load.go:40.2,43.16 3 24
github.com/PlakarKorp/plakar/config/load.go:43.16,45.3 1 0
github.com/PlakarKorp/plakar/config/load.go:46.2,46.22 1 24
github.com/PlakarKorp/plakar/config/load.go:46.22,48.3 1 1
github.com/PlakarKorp/plakar/config/load.go:51.2,53.25 3 23
github.com/PlakarKorp/plakar/config/load.go:54.21,55.22 1 7
github.com/PlakarKorp/plakar/config/load.go:56.27,57.22 1 8
github.com/PlakarKorp/plakar/config/load.go:58.22,59.22 1 8
github.com/PlakarKorp/plakar/config/load.go:60.10,61.56 1 0
github.com/PlakarKorp/plakar/config/load.go:63.2,63.45 1 23
github.com/PlakarKorp/plakar/config/load.go:63.45,65.3 1 16
github.com/PlakarKorp/plakar/config/load.go:68.2,69.16 2 7
github.com/PlakarKorp/plakar/config/load.go:69.16,71.3 1 0
github.com/PlakarKorp/plakar/config/load.go:73.2,73.25 1 7
github.com/PlakarKorp/plakar/config/load.go:74.21,76.17 2 3
github.com/PlakarKorp/plakar/config/load.go:76.17,77.31 1 2
github.com/PlakarKorp/plakar/config/load.go:77.31,78.37 1 4
github.com/PlakarKorp/plakar/config/load.go:78.37,79.25 1 3
github.com/PlakarKorp/plakar/config/load.go:79.25,81.7 1 1
github.com/PlakarKorp/plakar/config/load.go:82.6,83.29 2 2
github.com/PlakarKorp/plakar/config/load.go:87.27,88.51 1 2
github.com/PlakarKorp/plakar/config/load.go:89.22,90.46 1 2
github.com/PlakarKorp/plakar/config/load.go:92.2,92.16 1 6
github.com/PlakarKorp/plakar/config/load.go:92.16,94.3 1 3
github.com/PlakarKorp/plakar/config/load.go:96.2,96.12 1 3
github.com/PlakarKorp/plakar/config/load.go:99.48,103.16 3 3
github.com/PlakarKorp/plakar/config/load.go:103.16,105.3 1 1
github.com/PlakarKorp/plakar/config/load.go:108.2,108.39 1 2
github.com/PlakarKorp/plakar/config/load.go:108.39,110.3 1 0
github.com/PlakarKorp/plakar/config/load.go:112.2,112.17 1 2
github.com/PlakarKorp/plakar/config/load.go:115.40,121.16 5 11
github.com/PlakarKorp/plakar/config/load.go:121.16,122.25 1 3
github.com/PlakarKorp/plakar/config/load.go:122.25,124.4 1 2
github.com/PlakarKorp/plakar/config/load.go:125.3,125.18 1 1
github.com/PlakarKorp/plakar/config/load.go:128.2,129.16 2 8
github.com/PlakarKorp/plakar/config/load.go:129.16,130.25 1 1
github.com/PlakarKorp/plakar/config/load.go:130.25,132.4 1 0
github.com/PlakarKorp/plakar/config/load.go:133.3,133.18 1 1
github.com/PlakarKorp/plakar/config/load.go:136.2,137.38 2 7
github.com/PlakarKorp/plakar/config/load.go:137.38,140.3 1 1
github.com/PlakarKorp/plakar/config/load.go:141.2,141.16 1 7
github.com/PlakarKorp/plakar/config/load.go:141.16,142.25 1 2
github.com/PlakarKorp/plakar/config/load.go:142.25,144.4 1 0
github.com/PlakarKorp/plakar/config/load.go:145.3,145.18 1 2
github.com/PlakarKorp/plakar/config/load.go:148.2,154.17 6 5
github.com/PlakarKorp/plakar/config/load.go:157.39,159.16 2 9
github.com/PlakarKorp/plakar/config/load.go:159.16,161.3 1 0
github.com/PlakarKorp/plakar/config/load.go:163.2,166.16 3 9
github.com/PlakarKorp/plakar/config/load.go:166.16,168.3 1 9
github.com/PlakarKorp/plakar/config/load.go:170.2,170.16 1 9
github.com/PlakarKorp/plakar/config/load.go:170.16,173.3 2 0
github.com/PlakarKorp/plakar/config/load.go:175.2,175.12 1 9
github.com/PlakarKorp/plakar/config/load.go:178.42,181.16 2 5
github.com/PlakarKorp/plakar/config/load.go:181.16,183.3 1 2
github.com/PlakarKorp/plakar/config/load.go:185.2,189.16 2 3
github.com/PlakarKorp/plakar/config/load.go:189.16,191.3 1 0
github.com/PlakarKorp/plakar/config/load.go:192.2,196.16 2 3
github.com/PlakarKorp/plakar/config/load.go:196.16,198.3 1 0
github.com/PlakarKorp/plakar/config/load.go:199.2,204.16 2 3
github.com/PlakarKorp/plakar/config/load.go:204.16,206.3 1 0
github.com/PlakarKorp/plakar/config/load.go:207.2,207.12 1 3
github.com/PlakarKorp/plakar/config/loadfile.go:15.66,17.16 2 4
github.com/PlakarKorp/plakar/config/loadfile.go:17.16,19.3 1 1
github.com/PlakarKorp/plakar/config/loadfile.go:21.2,23.41 3 3
github.com/PlakarKorp/plakar/config/loadfile.go:23.41,25.33 2 6
github.com/PlakarKorp/plakar/config/loadfile.go:25.33,26.12 1 3
github.com/PlakarKorp/plakar/config/loadfile.go:28.3,30.38 3 3
github.com/PlakarKorp/plakar/config/loadfile.go:30.38,32.4 1 4
github.com/PlakarKorp/plakar/config/loadfile.go:34.2,34.20 1 3
github.com/PlakarKorp/plakar/config/loadfile.go:37.67,40.45 3 13
github.com/PlakarKorp/plakar/config/loadfile.go:40.45,42.3 1 3
github.com/PlakarKorp/plakar/config/loadfile.go:44.2,45.34 2 10
github.com/PlakarKorp/plakar/config/loadfile.go:45.34,47.10 2 11
github.com/PlakarKorp/plakar/config/loadfile.go:47.10,48.12 1 1
github.com/PlakarKorp/plakar/config/loadfile.go:50.3,51.32 2 10
github.com/PlakarKorp/plakar/config/loadfile.go:51.32,53.4 1 18
github.com/PlakarKorp/plakar/config/loadfile.go:56.2,56.20 1 10
github.com/PlakarKorp/plakar/config/loadfile.go:59.67,62.45 3 4
github.com/PlakarKorp/plakar/config/loadfile.go:62.45,64.3 1 3
github.com/PlakarKorp/plakar/config/loadfile.go:65.2,65.17 1 1
github.com/PlakarKorp/plakar/config/loadfile.go:71.86,73.16 2 10
github.com/PlakarKorp/plakar/config/loadfile.go:73.16,75.3 1 0
github.com/PlakarKorp/plakar/config/loadfile.go:77.2,78.66 2 10
github.com/PlakarKorp/plakar/config/loadfile.go:78.67,79.3 0 8
github.com/PlakarKorp/plakar/config/loadfile.go:79.8,79.73 1 2
github.com/PlakarKorp/plakar/config/loadfile.go:79.74,80.3 0 0
github.com/PlakarKorp/plakar/config/loadfile.go:80.8,80.72 1 2
github.com/PlakarKorp/plakar/config/loadfile.go:80.72,82.3 1 0
github.com/PlakarKorp/plakar/config/loadfile.go:84.2,84.22 1 10
github.com/PlakarKorp/plakar/config/loadfile.go:84.22,85.37 1 3
github.com/PlakarKorp/plakar/config/loadfile.go:85.37,87.36 2 3
github.com/PlakarKorp/plakar/config/loadfile.go:87.36,88.37 1 8
github.com/PlakarKorp/plakar/config/loadfile.go:88.37,89.14 1 2
github.com/PlakarKorp/plakar/config/loadfile.go:91.5,91.20 1 6
github.com/PlakarKorp/plakar/config/loadfile.go:91.20,95.6 3 5
github.com/PlakarKorp/plakar/config/loadfile.go:96.5,96.25 1 6
github.com/PlakarKorp/plakar/config/loadfile.go:98.4,98.44 1 3
github.com/PlakarKorp/plakar/config/loadfile.go:102.2,103.36 2 10
github.com/PlakarKorp/plakar/config/loadfile.go:103.36,104.35 1 9
github.com/PlakarKorp/plakar/config/loadfile.go:104.35,105.25 1 17
github.com/PlakarKorp/plakar/config/loadfile.go:105.25,107.5 1 7
github.com/PlakarKorp/plakar/config/loadfile.go:108.4,108.19 1 17
github.com/PlakarKorp/plakar/config/loadfile.go:108.19,110.5 1 1
github.com/PlakarKorp/plakar/config/loadfile.go:113.2,113.19 1 10
github.com/PlakarKorp/plakar/config/loadfile.go:113.19,115.3 1 3
github.com/PlakarKorp/plakar/config/loadfile.go:116.2,116.23 1 7
github.com/PlakarKorp/plakar/config/old.go:17.64,21.16 3 10
github.com/PlakarKorp/plakar/config/old.go:21.16,22.25 1 4
github.com/PlakarKorp/plakar/config/old.go:22.25,24.4 1 4
github.com/PlakarKorp/plakar/config/old.go:25.3,25.67 1 0
github.com/PlakarKorp/plakar/config/old.go:27.2,30.56 3 6
github.com/PlakarKorp/plakar/config/old.go:30.56,32.3 1 4
github.com/PlakarKorp/plakar/config/old.go:34.2,38.36 5 2
github.com/PlakarKorp/plakar/config/old.go:38.36,42.3 3 2
github.com/PlakarKorp/plakar/config/old.go:44.2,44.17 1 2
github.com/PlakarKorp/plakar/cookies/cookies.go:24.45,26.54 2 14
github.com/PlakarKorp/plakar/cookies/cookies.go:26.54,27.64 1 1
github.com/PlakarKorp/plakar/cookies/cookies.go:29.2,29.51 1 13
github.com/PlakarKorp/plakar/cookies/cookies.go:29.51,30.77 1 0
github.com/PlakarKorp/plakar/cookies/cookies.go:32.2,34.3 1 13
github.com/PlakarKorp/plakar/cookies/cookies.go:37.33,39.2 1 1
github.com/PlakarKorp/plakar/cookies/cookies.go:41.35,43.2 1 1
github.com/PlakarKorp/plakar/cookies/cookies.go:45.44,47.2 1 8
github.com/PlakarKorp/plakar/cookies/cookies.go:49.50,50.47 1 5
github.com/PlakarKorp/plakar/cookies/cookies.go:50.47,52.3 1 1
github.com/PlakarKorp/plakar/cookies/cookies.go:54.2,55.16 2 4
github.com/PlakarKorp/plakar/cookies/cookies.go:55.16,56.25 1 2
github.com/PlakarKorp/plakar/cookies/cookies.go:56.25,58.4 1 1
github.com/PlakarKorp/plakar/cookies/cookies.go:59.3,59.17 1 1
github.com/PlakarKorp/plakar/cookies/cookies.go:61.2,61.20 1 2
github.com/PlakarKorp/plakar/cookies/cookies.go:61.20,63.3 1 1
github.com/PlakarKorp/plakar/cookies/cookies.go:64.2,64.26 1 1
github.com/PlakarKorp/plakar/cookies/cookies.go:67.43,68.47 1 3
github.com/PlakarKorp/plakar/cookies/cookies.go:68.47,70.3 1 1
github.com/PlakarKorp/plakar/cookies/cookies.go:71.2,72.36 2 2
github.com/PlakarKorp/plakar/cookies/cookies.go:72.36,74.3 1 1
github.com/PlakarKorp/plakar/cookies/cookies.go:75.2,75.12 1 1
github.com/PlakarKorp/plakar/cookies/cookies.go:78.52,80.2 1 2
github.com/PlakarKorp/plakar/cookies/cookies.go:82.81,86.2 3 2
github.com/PlakarKorp/plakar/cookies/cookies.go:88.82,90.16 2 2
github.com/PlakarKorp/plakar/cookies/cookies.go:90.16,92.3 1 1
github.com/PlakarKorp/plakar/cookies/cookies.go:93.2,95.12 3 1
github.com/PlakarKorp/plakar/cookies/cookies.go:98.37,100.24 2 3
github.com/PlakarKorp/plakar/cookies/cookies.go:100.24,102.3 1 1
github.com/PlakarKorp/plakar/cookies/cookies.go:102.8,102.23 1 2
github.com/PlakarKorp/plakar/cookies/cookies.go:102.23,104.3 1 1
github.com/PlakarKorp/plakar/cookies/cookies.go:105.2,105.14 1 1
github.com/PlakarKorp/plakar/cookies/cookies.go:108.39,110.2 1 1
github.com/PlakarKorp/plakar/cookies/cookies.go:112.50,114.24 2 3
github.com/PlakarKorp/plakar/cookies/cookies.go:114.24,116.3 1 2
github.com/PlakarKorp/plakar/cookies/cookies.go:116.8,118.3 1 1
github.com/PlakarKorp/plakar/cookies/cookies.go:121.52,123.2 1 1
github.com/PlakarKorp/plakar/cookies/cookies.go:125.55,127.37 2 1
github.com/PlakarKorp/plakar/cookies/cookies.go:127.37,129.3 1 1
github.com/PlakarKorp/plakar/cookies/cookies.go:130.2,130.12 1 0
github.com/PlakarKorp/plakar/login/login.go:56.84,63.2 2 24
github.com/PlakarKorp/plakar/login/login.go:69.55,71.16 2 6
github.com/PlakarKorp/plakar/login/login.go:71.16,73.3 1 0
github.com/PlakarKorp/plakar/login/login.go:74.2,75.107 2 6
github.com/PlakarKorp/plakar/login/login.go:75.107,77.3 1 2
github.com/PlakarKorp/plakar/login/login.go:78.2,78.18 1 4
github.com/PlakarKorp/plakar/login/login.go:81.116,83.23 2 11
github.com/PlakarKorp/plakar/login/login.go:83.23,84.10 1 15
github.com/PlakarKorp/plakar/login/login.go:85.29,86.32 1 0
github.com/PlakarKorp/plakar/login/login.go:87.15,90.18 3 15
github.com/PlakarKorp/plakar/login/login.go:90.18,92.5 1 0
github.com/PlakarKorp/plakar/login/login.go:94.4,96.18 3 15
github.com/PlakarKorp/plakar/login/login.go:96.18,98.5 1 1
github.com/PlakarKorp/plakar/login/login.go:99.4,99.27 1 14
github.com/PlakarKorp/plakar/login/login.go:100.23,104.25 4 6
github.com/PlakarKorp/plakar/login/login.go:104.25,106.6 1 0
github.com/PlakarKorp/plakar/login/login.go:107.5,107.36 1 6
github.com/PlakarKorp/plakar/login/login.go:108.29,110.40 2 1
github.com/PlakarKorp/plakar/login/login.go:111.29,113.17 2 6
github.com/PlakarKorp/plakar/login/login.go:114.12,117.25 3 1
github.com/PlakarKorp/plakar/login/login.go:120.3,120.27 1 6
github.com/PlakarKorp/plakar/login/login.go:122.2,122.81 1 2
github.com/PlakarKorp/plakar/login/login.go:125.91,129.18 3 9
github.com/PlakarKorp/plakar/login/login.go:130.16,131.47 1 2
github.com/PlakarKorp/plakar/login/login.go:132.15,133.46 1 4
github.com/PlakarKorp/plakar/login/login.go:134.10,135.62 1 3
github.com/PlakarKorp/plakar/login/login.go:138.2,138.60 1 6
github.com/PlakarKorp/plakar/login/login.go:138.60,140.3 1 0
github.com/PlakarKorp/plakar/login/login.go:140.8,142.3 1 6
github.com/PlakarKorp/plakar/login/login.go:144.2,145.16 2 6
github.com/PlakarKorp/plakar/login/login.go:145.16,147.3 1 0
github.com/PlakarKorp/plakar/login/login.go:148.2,150.38 2 6
github.com/PlakarKorp/plakar/login/login.go:150.38,152.3 1 4
github.com/PlakarKorp/plakar/login/login.go:154.2,154.18 1 2
github.com/PlakarKorp/plakar/login/login.go:155.16,156.41 1 1
github.com/PlakarKorp/plakar/login/login.go:157.15,158.40 1 1
github.com/PlakarKorp/plakar/login/login.go:159.10,160.62 1 0
github.com/PlakarKorp/plakar/login/login.go:164.82,169.69 2 1
github.com/PlakarKorp/plakar/login/login.go:169.69,171.3 1 0
github.com/PlakarKorp/plakar/login/login.go:173.2,173.18 1 1
github.com/PlakarKorp/plakar/login/login.go:173.18,176.3 2 1
github.com/PlakarKorp/plakar/login/login.go:176.8,176.67 1 0
github.com/PlakarKorp/plakar/login/login.go:176.67,180.3 3 0
github.com/PlakarKorp/plakar/login/login.go:183.2,185.61 3 1
github.com/PlakarKorp/plakar/login/login.go:185.61,185.80 1 0
github.com/PlakarKorp/plakar/login/login.go:188.81,192.69 2 1
github.com/PlakarKorp/plakar/login/login.go:192.69,194.3 1 0
github.com/PlakarKorp/plakar/login/login.go:196.2,198.61 3 1
github.com/PlakarKorp/plakar/login/login.go:198.61,198.80 1 0
github.com/PlakarKorp/plakar/login/login.go:201.93,205.18 3 5
github.com/PlakarKorp/plakar/login/login.go:206.16,207.47 1 1
github.com/PlakarKorp/plakar/login/login.go:208.15,209.46 1 2
github.com/PlakarKorp/plakar/login/login.go:210.10,211.62 1 2
github.com/PlakarKorp/plakar/login/login.go:214.2,214.60 1 3
github.com/PlakarKorp/plakar/login/login.go:214.60,216.3 1 0
github.com/PlakarKorp/plakar/login/login.go:216.8,218.3 1 3
github.com/PlakarKorp/plakar/login/login.go:220.2,221.16 2 3
github.com/PlakarKorp/plakar/login/login.go:221.16,223.3 1 0
github.com/PlakarKorp/plakar/login/login.go:224.2,226.38 2 3
github.com/PlakarKorp/plakar/login/login.go:226.38,228.3 1 1
github.com/PlakarKorp/plakar/login/login.go:230.2,230.18 1 2
github.com/PlakarKorp/plakar/login/login.go:231.16,232.43 1 1
github.com/PlakarKorp/plakar/login/login.go:233.15,234.42 1 1
github.com/PlakarKorp/plakar/login/login.go:235.10,236.62 1 0
github.com/PlakarKorp/plakar/login/login.go:240.84,245.69 2 1
github.com/PlakarKorp/plakar/login/login.go:245.69,247.3 1 0
github.com/PlakarKorp/plakar/login/login.go:249.2,249.12 1 1
github.com/PlakarKorp/plakar/login/login.go:249.12,250.68 1 1
github.com/PlakarKorp/plakar/login/login.go:250.69,250.70 0 0
github.com/PlakarKorp/plakar/login/login.go:251.3,251.18 1 1
github.com/PlakarKorp/plakar/login/login.go:251.18,252.71 1 1
github.com/PlakarKorp/plakar/login/login.go:252.71,254.5 1 0
github.com/PlakarKorp/plakar/login/login.go:259.2,259.26 1 1
github.com/PlakarKorp/plakar/login/login.go:262.83,266.69 2 1
github.com/PlakarKorp/plakar/login/login.go:266.69,268.3 1 0
github.com/PlakarKorp/plakar/login/login.go:270.2,270.12 1 1
github.com/PlakarKorp/plakar/login/login.go:270.12,271.68 1 1
github.com/PlakarKorp/plakar/login/login.go:271.69,271.70 0 0
github.com/PlakarKorp/plakar/login/login.go:272.3,272.18 1 1
github.com/PlakarKorp/plakar/login/login.go:272.18,273.71 1 1
github.com/PlakarKorp/plakar/login/login.go:273.71,275.5 1 0
github.com/PlakarKorp/plakar/login/login.go:279.2,279.16 1 1
github.com/PlakarKorp/plakar/login/login.go:282.38,284.2 1 1
github.com/PlakarKorp/plakar/login/login.go:286.62,288.16 2 3
github.com/PlakarKorp/plakar/login/login.go:288.16,290.3 1 1
github.com/PlakarKorp/plakar/login/login.go:292.2,293.16 2 2
github.com/PlakarKorp/plakar/login/login.go:293.16,295.3 1 0
github.com/PlakarKorp/plakar/login/login.go:296.2,298.16 3 2
github.com/PlakarKorp/plakar/login/login.go:298.16,300.3 1 0
github.com/PlakarKorp/plakar/login/login.go:302.2,307.16 5 2
github.com/PlakarKorp/plakar/login/login.go:307.16,309.3 1 0
github.com/PlakarKorp/plakar/login/login.go:310.2,312.37 2 2
github.com/PlakarKorp/plakar/login/login.go:312.37,314.3 1 1
github.com/PlakarKorp/plakar/login/login.go:316.2,317.73 2 1
github.com/PlakarKorp/plakar/login/login.go:317.73,319.3 1 0
github.com/PlakarKorp/plakar/login/login.go:321.2,321.33 1 1
github.com/PlakarKorp/plakar/plugins/connect.go:14.109,16.16 2 5
github.com/PlakarKorp/plakar/plugins/connect.go:16.16,18.3 1 1
github.com/PlakarKorp/plakar/plugins/connect.go:20.2,23.80 1 4
github.com/PlakarKorp/plakar/plugins/connect.go:23.80,25.4 1 3
github.com/PlakarKorp/plakar/plugins/connect.go:27.2,27.16 1 4
github.com/PlakarKorp/plakar/plugins/connect.go:27.16,29.3 1 0
github.com/PlakarKorp/plakar/plugins/connect.go:30.2,30.24 1 4
github.com/PlakarKorp/plakar/plugins/connect.go:33.85,38.16 4 8
github.com/PlakarKorp/plakar/plugins/connect.go:38.16,40.3 1 0
github.com/PlakarKorp/plakar/plugins/connect.go:41.2,42.16 2 8
github.com/PlakarKorp/plakar/plugins/connect.go:42.16,45.3 2 0
github.com/PlakarKorp/plakar/plugins/connect.go:47.2,48.9 2 8
github.com/PlakarKorp/plakar/plugins/connect.go:48.9,53.3 4 0
github.com/PlakarKorp/plakar/plugins/connect.go:55.2,56.9 2 8
github.com/PlakarKorp/plakar/plugins/connect.go:56.9,61.3 4 0
github.com/PlakarKorp/plakar/plugins/connect.go:63.2,63.36 1 8
github.com/PlakarKorp/plakar/plugins/connect.go:63.36,65.3 1 2
github.com/PlakarKorp/plakar/plugins/connect.go:67.2,67.46 1 6
github.com/PlakarKorp/plakar/plugins/plugin.go:19.91,20.125 1 7
github.com/PlakarKorp/plakar/plugins/plugin.go:20.125,22.17 2 1
github.com/PlakarKorp/plakar/plugins/plugin.go:22.17,24.4 1 0
github.com/PlakarKorp/plakar/plugins/plugin.go:26.3,26.57 1 1
github.com/PlakarKorp/plakar/plugins/plugin.go:28.2,28.16 1 7
github.com/PlakarKorp/plakar/plugins/plugin.go:28.16,31.3 1 2
github.com/PlakarKorp/plakar/plugins/plugin.go:32.2,32.12 1 5
github.com/PlakarKorp/plakar/plugins/plugin.go:35.92,36.153 1 5
github.com/PlakarKorp/plakar/plugins/plugin.go:36.153,38.17 2 1
github.com/PlakarKorp/plakar/plugins/plugin.go:38.17,40.4 1 0
github.com/PlakarKorp/plakar/plugins/plugin.go:41.3,41.62 1 1
github.com/PlakarKorp/plakar/plugins/plugin.go:43.2,43.16 1 5
github.com/PlakarKorp/plakar/plugins/plugin.go:43.16,45.3 1 1
github.com/PlakarKorp/plakar/plugins/plugin.go:46.2,46.12 1 4
github.com/PlakarKorp/plakar/plugins/plugin.go:49.92,50.153 1 5
github.com/PlakarKorp/plakar/plugins/plugin.go:50.153,52.17 2 1
github.com/PlakarKorp/plakar/plugins/plugin.go:52.17,54.4 1 0
github.com/PlakarKorp/plakar/plugins/plugin.go:56.3,56.62 1 1
github.com/PlakarKorp/plakar/plugins/plugin.go:58.2,58.16 1 5
github.com/PlakarKorp/plakar/plugins/plugin.go:58.16,60.3 1 1
github.com/PlakarKorp/plakar/plugins/plugin.go:61.2,61.12 1 4
github.com/PlakarKorp/plakar/plugins/plugin.go:64.49,65.36 1 5
github.com/PlakarKorp/plakar/plugins/plugin.go:65.36,69.17 3 10
github.com/PlakarKorp/plakar/plugins/plugin.go:69.17,71.4 1 1
github.com/PlakarKorp/plakar/plugins/plugin.go:73.3,73.40 1 9
github.com/PlakarKorp/plakar/plugins/plugin.go:73.40,74.21 1 9
github.com/PlakarKorp/plakar/plugins/plugin.go:75.20,76.57 1 2
github.com/PlakarKorp/plakar/plugins/plugin.go:77.20,78.57 1 2
github.com/PlakarKorp/plakar/plugins/plugin.go:79.19,80.56 1 3
github.com/PlakarKorp/plakar/plugins/plugin.go:81.12,81.12 0 2
github.com/PlakarKorp/plakar/plugins/plugin.go:84.4,84.18 1 9
github.com/PlakarKorp/plakar/plugins/plugin.go:84.18,86.5 1 1
github.com/PlakarKorp/plakar/plugins/plugin.go:90.2,90.12 1 3
github.com/PlakarKorp/plakar/plugins/plugin.go:93.36,95.36 2 3
github.com/PlakarKorp/plakar/plugins/plugin.go:95.36,96.40 1 5
github.com/PlakarKorp/plakar/plugins/plugin.go:96.40,97.21 1 5
github.com/PlakarKorp/plakar/plugins/plugin.go:98.20,99.37 1 1
github.com/PlakarKorp/plakar/plugins/plugin.go:100.20,101.37 1 1
github.com/PlakarKorp/plakar/plugins/plugin.go:102.19,103.36 1 2
github.com/PlakarKorp/plakar/plugins/plugin.go:104.12,104.12 0 1
github.com/PlakarKorp/plakar/plugins/plugin.go:109.2,109.12 1 3
github.com/PlakarKorp/plakar/plugins/stdioconn.go:18.67,20.2 1 12
github.com/PlakarKorp/plakar/plugins/stdioconn.go:22.50,22.76 1 6
github.com/PlakarKorp/plakar/plugins/stdioconn.go:23.50,23.78 1 5
github.com/PlakarKorp/plakar/plugins/stdioconn.go:24.50,24.70 1 4
github.com/PlakarKorp/plakar/plugins/stdioconn.go:25.50,25.70 1 4
github.com/PlakarKorp/plakar/plugins/stdioconn.go:27.41,28.40 1 11
github.com/PlakarKorp/plakar/plugins/stdioconn.go:28.40,30.3 1 4
github.com/PlakarKorp/plakar/plugins/stdioconn.go:31.2,31.41 1 11
github.com/PlakarKorp/plakar/plugins/stdioconn.go:31.41,33.3 1 4
github.com/PlakarKorp/plakar/plugins/stdioconn.go:34.2,34.18 1 11
github.com/PlakarKorp/plakar/plugins/stdioconn.go:34.18,35.38 1 9
github.com/PlakarKorp/plakar/plugins/stdioconn.go:35.38,37.4 1 4
github.com/PlakarKorp/plakar/plugins/stdioconn.go:39.2,39.8 1 11
github.com/PlakarKorp/plakar/plugins/stdioconn.go:42.52,43.45 1 2
github.com/PlakarKorp/plakar/plugins/stdioconn.go:43.45,45.3 1 1
github.com/PlakarKorp/plakar/plugins/stdioconn.go:46.2,46.30 1 1
github.com/PlakarKorp/plakar/plugins/stdioconn.go:49.57,49.94 1 6
github.com/PlakarKorp/plakar/plugins/stdioconn.go:50.57,50.96 1 5
github.com/PlakarKorp/plakar/server/httpd/httpd.go:28.73,30.16 2 3
github.com/PlakarKorp/plakar/server/httpd/httpd.go:30.16,33.3 2 1
github.com/PlakarKorp/plakar/server/httpd/httpd.go:35.2,36.27 2 2
github.com/PlakarKorp/plakar/server/httpd/httpd.go:39.71,41.16 2 3
github.com/PlakarKorp/plakar/server/httpd/httpd.go:41.16,44.3 2 1
github.com/PlakarKorp/plakar/server/httpd/httpd.go:46.2,46.64 1 2
github.com/PlakarKorp/plakar/server/httpd/httpd.go:46.64,48.3 1 1
github.com/PlakarKorp/plakar/server/httpd/httpd.go:48.8,51.3 2 1
github.com/PlakarKorp/plakar/server/httpd/httpd.go:54.70,56.16 2 7
github.com/PlakarKorp/plakar/server/httpd/httpd.go:56.16,59.3 2 1
github.com/PlakarKorp/plakar/server/httpd/httpd.go:61.2,62.16 2 6
github.com/PlakarKorp/plakar/server/httpd/httpd.go:62.16,65.3 2 1
github.com/PlakarKorp/plakar/server/httpd/httpd.go:67.2,68.16 2 5
github.com/PlakarKorp/plakar/server/httpd/httpd.go:68.16,71.3 2 1
github.com/PlakarKorp/plakar/server/httpd/httpd.go:73.2,73.67 1 4
github.com/PlakarKorp/plakar/server/httpd/httpd.go:73.67,76.3 2 1
github.com/PlakarKorp/plakar/server/httpd/httpd.go:76.8,80.17 3 3
github.com/PlakarKorp/plakar/server/httpd/httpd.go:80.17,83.4 2 1
github.com/PlakarKorp/plakar/server/httpd/httpd.go:85.3,86.16 2 2
github.com/PlakarKorp/plakar/server/httpd/httpd.go:90.70,92.16 2 4
github.com/PlakarKorp/plakar/server/httpd/httpd.go:92.16,95.3 2 1
github.com/PlakarKorp/plakar/server/httpd/httpd.go:97.2,98.16 2 3
github.com/PlakarKorp/plakar/server/httpd/httpd.go:98.16,101.3 2 1
github.com/PlakarKorp/plakar/server/httpd/httpd.go:103.2,103.69 1 2
github.com/PlakarKorp/plakar/server/httpd/httpd.go:103.69,105.3 1 1
github.com/PlakarKorp/plakar/server/httpd/httpd.go:108.73,109.16 1 5
github.com/PlakarKorp/plakar/server/httpd/httpd.go:109.16,112.3 2 1
github.com/PlakarKorp/plakar/server/httpd/httpd.go:114.2,115.16 2 4
github.com/PlakarKorp/plakar/server/httpd/httpd.go:115.16,118.3 2 1
github.com/PlakarKorp/plakar/server/httpd/httpd.go:120.2,121.16 2 3
github.com/PlakarKorp/plakar/server/httpd/httpd.go:121.16,124.3 2 1
github.com/PlakarKorp/plakar/server/httpd/httpd.go:126.2,126.62 1 2
github.com/PlakarKorp/plakar/server/httpd/httpd.go:126.62,128.3 1 1
github.com/PlakarKorp/plakar/server/httpd/httpd.go:131.122,147.12 9 2
github.com/PlakarKorp/plakar/server/httpd/httpd.go:147.12,150.3 2 2
github.com/PlakarKorp/plakar/server/httpd/httpd.go:152.2,152.29 1 2
github.com/PlakarKorp/plakar/server/httpd/httpd.go:152.29,154.3 1 1
github.com/PlakarKorp/plakar/server/httpd/httpd.go:155.2,155.32 1 1
github.com/PlakarKorp/plakar/server/httpd/httpd.go:158.68,159.33 1 24
github.com/PlakarKorp/plakar/server/httpd/httpd.go:160.19,161.46 1 15
github.com/PlakarKorp/plakar/server/httpd/httpd.go:162.16,163.43 1 1
github.com/PlakarKorp/plakar/server/httpd/httpd.go:164.15,165.42 1 1
github.com/PlakarKorp/plakar/server/httpd/httpd.go:166.22,167.49 1 1
github.com/PlakarKorp/plakar/server/httpd/httpd.go:168.19,169.46 1 1
github.com/PlakarKorp/plakar/server/httpd/httpd.go:170.10,171.35 1 5
github.com/PlakarKorp/plakar/server/httpd/httpd.go:175.51,177.16 2 15
github.com/PlakarKorp/plakar/server/httpd/httpd.go:177.16,179.3 1 4
github.com/PlakarKorp/plakar/server/httpd/httpd.go:181.2,181.20 1 11
github.com/PlakarKorp/plakar/server/httpd/httpd.go:181.20,183.3 1 1
github.com/PlakarKorp/plakar/server/httpd/httpd.go:185.2,185.30 1 10
github.com/PlakarKorp/plakar/server/httpd/httpd.go:189.56,194.13 4 14
github.com/PlakarKorp/plakar/server/httpd/httpd.go:194.13,196.3 1 4
github.com/PlakarKorp/plakar/server/httpd/httpd.go:198.2,199.12 2 10
github.com/PlakarKorp/plakar/server/httpd/httpd.go:199.12,201.3 1 2
github.com/PlakarKorp/plakar/server/httpd/httpd.go:203.2,204.12 2 8
github.com/PlakarKorp/plakar/server/httpd/httpd.go:204.12,206.3 1 1
github.com/PlakarKorp/plakar/server/httpd/httpd.go:208.2,209.16 2 7
github.com/PlakarKorp/plakar/server/httpd/httpd.go:209.16,211.3 1 1
github.com/PlakarKorp/plakar/server/httpd/httpd.go:213.2,214.16 2 6
github.com/PlakarKorp/plakar/server/httpd/httpd.go:214.16,216.3 1 1
github.com/PlakarKorp/plakar/server/httpd/httpd.go:218.2,218.23 1 5
github.com/PlakarKorp/plakar/server/httpd/httpd.go:218.23,220.3 1 2
github.com/PlakarKorp/plakar/server/httpd/httpd.go:222.2,223.26 2 3
github.com/PlakarKorp/plakar/server/httpd/httpd.go:223.26,225.3 1 1
github.com/PlakarKorp/plakar/server/httpd/httpd.go:227.2,229.18 2 2
github.com/PlakarKorp/plakar/reporting/http.go:20.77,22.16 2 6
github.com/PlakarKorp/plakar/reporting/http.go:22.16,24.3 1 0
github.com/PlakarKorp/plakar/reporting/http.go:26.2,27.16 2 6
github.com/PlakarKorp/plakar/reporting/http.go:27.16,29.3 1 1
github.com/PlakarKorp/plakar/reporting/http.go:30.2,31.25 2 5
github.com/PlakarKorp/plakar/reporting/http.go:31.25,33.3 1 2
github.com/PlakarKorp/plakar/reporting/http.go:34.2,37.16 3 5
github.com/PlakarKorp/plakar/reporting/http.go:37.16,39.3 1 1
github.com/PlakarKorp/plakar/reporting/http.go:40.2,41.51 2 4
github.com/PlakarKorp/plakar/reporting/http.go:41.51,43.3 1 3
github.com/PlakarKorp/plakar/reporting/http.go:44.2,44.64 1 1
github.com/PlakarKorp/plakar/reporting/null.go:8.77,10.2 1 2
github.com/PlakarKorp/plakar/reporting/reporting.go:33.56,41.12 2 13
github.com/PlakarKorp/plakar/reporting/reporting.go:41.12,43.7 2 13
github.com/PlakarKorp/plakar/reporting/reporting.go:43.7,44.11 1 16
github.com/PlakarKorp/plakar/reporting/reporting.go:45.22,46.14 1 0
github.com/PlakarKorp/plakar/reporting/reporting.go:47.18,48.14 1 13
github.com/PlakarKorp/plakar/reporting/reporting.go:49.26,51.26 2 3
github.com/PlakarKorp/plakar/reporting/reporting.go:54.2,56.33 1 0
github.com/PlakarKorp/plakar/reporting/reporting.go:56.33,60.4 3 6
github.com/PlakarKorp/plakar/reporting/reporting.go:61.3,62.16 2 13
github.com/PlakarKorp/plakar/reporting/reporting.go:65.2,65.10 1 13
github.com/PlakarKorp/plakar/reporting/reporting.go:68.51,69.19 1 10
github.com/PlakarKorp/plakar/reporting/reporting.go:69.19,71.3 1 8
github.com/PlakarKorp/plakar/reporting/reporting.go:73.2,75.26 3 2
github.com/PlakarKorp/plakar/reporting/reporting.go:75.26,77.17 2 2
github.com/PlakarKorp/plakar/reporting/reporting.go:77.17,79.4 1 2
github.com/PlakarKorp/plakar/reporting/reporting.go:80.3,81.31 2 0
github.com/PlakarKorp/plakar/reporting/reporting.go:83.2,83.85 1 0
github.com/PlakarKorp/plakar/reporting/reporting.go:86.41,89.2 2 13
github.com/PlakarKorp/plakar/reporting/reporting.go:91.48,93.75 1 7
github.com/PlakarKorp/plakar/reporting/reporting.go:93.75,95.3 1 1
github.com/PlakarKorp/plakar/reporting/reporting.go:98.2,103.17 4 6
github.com/PlakarKorp/plakar/reporting/reporting.go:103.17,105.3 1 3
github.com/PlakarKorp/plakar/reporting/reporting.go:107.2,109.16 3 3
github.com/PlakarKorp/plakar/reporting/reporting.go:109.16,112.3 2 0
github.com/PlakarKorp/plakar/reporting/reporting.go:113.2,113.14 1 3
github.com/PlakarKorp/plakar/reporting/reporting.go:113.14,115.3 1 1
github.com/PlakarKorp/plakar/reporting/reporting.go:118.2,119.15 2 2
github.com/PlakarKorp/plakar/reporting/reporting.go:119.15,121.3 1 0
github.com/PlakarKorp/plakar/reporting/reporting.go:123.2,127.25 2 2
github.com/PlakarKorp/plakar/reporting/reporting.go:130.47,136.2 2 9
github.com/PlakarKorp/plakar/reporting/reporting.go:138.35,140.2 1 7
github.com/PlakarKorp/plakar/reporting/reporting.go:142.59,143.24 1 10
github.com/PlakarKorp/plakar/reporting/reporting.go:143.24,145.3 1 1
github.com/PlakarKorp/plakar/reporting/reporting.go:146.2,150.3 1 10
github.com/PlakarKorp/plakar/reporting/reporting.go:153.55,154.30 1 4
github.com/PlakarKorp/plakar/reporting/reporting.go:154.30,156.3 1 1
github.com/PlakarKorp/plakar/reporting/reporting.go:157.2,159.3 1 4
github.com/PlakarKorp/plakar/reporting/reporting.go:162.73,166.2 3 2
github.com/PlakarKorp/plakar/reporting/reporting.go:168.62,170.16 2 2
github.com/PlakarKorp/plakar/reporting/reporting.go:170.16,173.3 1 1
github.com/PlakarKorp/plakar/reporting/reporting.go:174.2,175.14 2 1
github.com/PlakarKorp/plakar/reporting/reporting.go:178.65,179.28 1 3
github.com/PlakarKorp/plakar/reporting/reporting.go:179.28,181.3 1 2
github.com/PlakarKorp/plakar/reporting/reporting.go:182.2,184.3 1 3
github.com/PlakarKorp/plakar/reporting/reporting.go:187.34,189.2 1 7
github.com/PlakarKorp/plakar/reporting/reporting.go:191.77,193.2 1 1
github.com/PlakarKorp/plakar/reporting/reporting.go:195.101,197.2 1 1
github.com/PlakarKorp/plakar/reporting/reporting.go:199.117,202.20 3 9
github.com/PlakarKorp/plakar/reporting/reporting.go:202.20,204.3 1 8
github.com/PlakarKorp/plakar/reporting/reporting.go:204.8,206.3 1 1
github.com/PlakarKorp/plakar/reporting/reporting.go:207.2,208.18 2 9
github.com/PlakarKorp/plakar/reporting/reporting.go:211.33,214.2 2 9
github.com/PlakarKorp/plakar/services/services.go:25.90,27.61 2 32
github.com/PlakarKorp/plakar/services/services.go:27.61,29.3 1 1
github.com/PlakarKorp/plakar/services/services.go:30.2,34.3 1 32
github.com/PlakarKorp/plakar/services/services.go:43.63,57.2 1 6
github.com/PlakarKorp/plakar/services/services.go:59.77,60.28 1 20
github.com/PlakarKorp/plakar/services/services.go:60.28,62.3 1 3
github.com/PlakarKorp/plakar/services/services.go:64.2,66.16 3 17
github.com/PlakarKorp/plakar/services/services.go:66.16,68.3 1 1
github.com/PlakarKorp/plakar/services/services.go:69.2,73.24 5 16
github.com/PlakarKorp/plakar/services/services.go:73.24,75.3 1 15
github.com/PlakarKorp/plakar/services/services.go:77.2,79.16 3 16
github.com/PlakarKorp/plakar/services/services.go:79.16,81.3 1 1
github.com/PlakarKorp/plakar/services/services.go:82.2,84.38 2 15
github.com/PlakarKorp/plakar/services/services.go:84.38,86.3 1 3
github.com/PlakarKorp/plakar/services/services.go:88.2,89.16 2 12
github.com/PlakarKorp/plakar/services/services.go:89.16,91.3 1 1
github.com/PlakarKorp/plakar/services/services.go:93.2,94.51 2 11
github.com/PlakarKorp/plakar/services/services.go:94.51,96.3 1 1
github.com/PlakarKorp/plakar/services/services.go:98.2,99.17 2 10
github.com/PlakarKorp/plakar/services/services.go:102.89,104.16 2 8
github.com/PlakarKorp/plakar/services/services.go:104.16,106.3 1 2
github.com/PlakarKorp/plakar/services/services.go:107.2,107.27 1 6
github.com/PlakarKorp/plakar/services/services.go:107.27,108.23 1 6
github.com/PlakarKorp/plakar/services/services.go:108.23,110.4 1 5
github.com/PlakarKorp/plakar/services/services.go:113.2,113.40 1 1
github.com/PlakarKorp/plakar/services/services.go:116.76,118.2 1 12
github.com/PlakarKorp/plakar/services/services.go:120.73,125.16 4 6
github.com/PlakarKorp/plakar/services/services.go:125.16,127.3 1 1
github.com/PlakarKorp/plakar/services/services.go:128.2,134.24 6 5
github.com/PlakarKorp/plakar/services/services.go:134.24,136.3 1 5
github.com/PlakarKorp/plakar/services/services.go:138.2,140.16 3 5
github.com/PlakarKorp/plakar/services/services.go:140.16,142.3 1 1
github.com/PlakarKorp/plakar/services/services.go:143.2,145.38 2 4
github.com/PlakarKorp/plakar/services/services.go:145.38,147.3 1 1
github.com/PlakarKorp/plakar/services/services.go:149.2,150.16 2 3
github.com/PlakarKorp/plakar/services/services.go:150.16,152.3 1 1
github.com/PlakarKorp/plakar/services/services.go:154.2,157.56 2 2
github.com/PlakarKorp/plakar/services/services.go:157.56,159.3 1 1
github.com/PlakarKorp/plakar/services/services.go:161.2,161.30 1 1
github.com/PlakarKorp/plakar/services/services.go:164.79,174.16 5 6
github.com/PlakarKorp/plakar/services/services.go:174.16,176.3 1 0
github.com/PlakarKorp/plakar/services/services.go:178.2,179.16 2 6
github.com/PlakarKorp/plakar/services/services.go:179.16,181.3 1 1
github.com/PlakarKorp/plakar/services/services.go:182.2,188.24 6 5
github.com/PlakarKorp/plakar/services/services.go:188.24,190.3 1 5
github.com/PlakarKorp/plakar/services/services.go:192.2,194.16 3 5
github.com/PlakarKorp/plakar/services/services.go:194.16,196.3 1 1
github.com/PlakarKorp/plakar/services/services.go:197.2,199.81 2 4
github.com/PlakarKorp/plakar/services/services.go:199.81,201.3 1 1
github.com/PlakarKorp/plakar/services/services.go:203.2,203.12 1 3
github.com/PlakarKorp/plakar/services/services.go:206.93,211.16 4 6
github.com/PlakarKorp/plakar/services/services.go:211.16,213.3 1 1
github.com/PlakarKorp/plakar/services/services.go:214.2,220.24 6 5
github.com/PlakarKorp/plakar/services/services.go:220.24,222.3 1 5
github.com/PlakarKorp/plakar/services/services.go:224.2,226.16 3 5
github.com/PlakarKorp/plakar/services/services.go:226.16,228.3 1 1
github.com/PlakarKorp/plakar/services/services.go:229.2,231.38 2 4
github.com/PlakarKorp/plakar/services/services.go:231.38,233.3 1 1
github.com/PlakarKorp/plakar/services/services.go:235.2,236.16 2 3
github.com/PlakarKorp/plakar/services/services.go:236.16,238.3 1 1
github.com/PlakarKorp/plakar/services/services.go:240.2,241.56 2 2
github.com/PlakarKorp/plakar/services/services.go:241.56,243.3 1 1
github.com/PlakarKorp/plakar/services/services.go:245.2,245.22 1 1
github.com/PlakarKorp/plakar/services/services.go:248.105,250.77 1 5
github.com/PlakarKorp/plakar/services/services.go:250.77,252.3 1 1
github.com/PlakarKorp/plakar/services/services.go:254.2,258.16 4 4
github.com/PlakarKorp/plakar/services/services.go:258.16,260.3 1 0
github.com/PlakarKorp/plakar/services/services.go:262.2,263.16 2 4
github.com/PlakarKorp/plakar/services/services.go:263.16,265.3 1 1
github.com/PlakarKorp/plakar/services/services.go:266.2,272.24 6 3
github.com/PlakarKorp/plakar/services/services.go:272.24,274.3 1 3
github.com/PlakarKorp/plakar/services/services.go:276.2,278.16 3 3
github.com/PlakarKorp/plakar/services/services.go:278.16,280.3 1 1
github.com/PlakarKorp/plakar/services/services.go:281.2,283.81 2 2
github.com/PlakarKorp/plakar/services/services.go:283.81,285.3 1 1
github.com/PlakarKorp/plakar/services/services.go:287.2,287.12 1 1
github.com/PlakarKorp/plakar/main.go:83.23,86.16 2 31
github.com/PlakarKorp/plakar/main.go:86.16,89.3 2 0
github.com/PlakarKorp/plakar/main.go:91.2,92.25 2 31
github.com/PlakarKorp/plakar/main.go:92.25,94.3 1 7
github.com/PlakarKorp/plakar/main.go:96.2,97.16 2 31
github.com/PlakarKorp/plakar/main.go:97.16,100.3 2 0
github.com/PlakarKorp/plakar/main.go:102.2,103.16 2 31
github.com/PlakarKorp/plakar/main.go:103.16,105.3 1 0
github.com/PlakarKorp/plakar/main.go:107.2,108.16 2 31
github.com/PlakarKorp/plakar/main.go:108.16,110.3 1 0
github.com/PlakarKorp/plakar/main.go:111.2,114.16 3 31
github.com/PlakarKorp/plakar/main.go:114.16,117.3 2 0
github.com/PlakarKorp/plakar/main.go:118.2,119.16 2 31
github.com/PlakarKorp/plakar/main.go:119.16,122.3 2 0
github.com/PlakarKorp/plakar/main.go:123.2,124.16 2 31
github.com/PlakarKorp/plakar/main.go:124.16,127.3 2 0
github.com/PlakarKorp/plakar/main.go:130.2,166.22 35 31
github.com/PlakarKorp/plakar/main.go:166.22,175.3 7 0
github.com/PlakarKorp/plakar/main.go:176.2,184.78 6 31
github.com/PlakarKorp/plakar/main.go:184.78,186.3 1 31
github.com/PlakarKorp/plakar/main.go:186.8,186.21 1 0
github.com/PlakarKorp/plakar/main.go:186.21,188.3 1 0
github.com/PlakarKorp/plakar/main.go:188.8,190.3 1 0
github.com/PlakarKorp/plakar/main.go:191.2,191.39 1 31
github.com/PlakarKorp/plakar/main.go:191.39,193.3 1 0
github.com/PlakarKorp/plakar/main.go:195.2,196.12 2 31
github.com/PlakarKorp/plakar/main.go:196.12,197.41 1 31
github.com/PlakarKorp/plakar/main.go:197.41,198.39 1 0
github.com/PlakarKorp/plakar/main.go:198.39,201.5 2 0
github.com/PlakarKorp/plakar/main.go:205.2,208.37 3 31
github.com/PlakarKorp/plakar/main.go:208.37,210.3 1 2
github.com/PlakarKorp/plakar/main.go:211.2,211.75 1 31
github.com/PlakarKorp/plakar/main.go:211.75,213.3 1 2
github.com/PlakarKorp/plakar/main.go:215.2,217.16 3 31
github.com/PlakarKorp/plakar/main.go:217.16,220.3 2 0
github.com/PlakarKorp/plakar/main.go:222.2,227.16 5 31
github.com/PlakarKorp/plakar/main.go:227.16,230.3 2 0
github.com/PlakarKorp/plakar/main.go:232.2,236.16 4 31
github.com/PlakarKorp/plakar/main.go:236.16,239.3 2 0
github.com/PlakarKorp/plakar/main.go:240.2,245.16 5 31
github.com/PlakarKorp/plakar/main.go:245.16,248.3 2 0
github.com/PlakarKorp/plakar/main.go:250.2,250.30 1 31
github.com/PlakarKorp/plakar/main.go:250.30,251.69 1 1
github.com/PlakarKorp/plakar/main.go:251.69,254.4 2 0
github.com/PlakarKorp/plakar/main.go:255.3,256.11 2 1
github.com/PlakarKorp/plakar/main.go:257.8,259.3 1 30
github.com/PlakarKorp/plakar/main.go:261.2,261.29 1 30
github.com/PlakarKorp/plakar/main.go:261.29,262.72 1 1
github.com/PlakarKorp/plakar/main.go:262.72,265.4 2 0
github.com/PlakarKorp/plakar/main.go:266.3,267.11 2 1
github.com/PlakarKorp/plakar/main.go:270.2,273.23 2 29
github.com/PlakarKorp/plakar/main.go:273.23,276.3 2 1
github.com/PlakarKorp/plakar/main.go:277.2,277.37 1 28
github.com/PlakarKorp/plakar/main.go:277.37,280.3 2 1
github.com/PlakarKorp/plakar/main.go:281.2,283.29 2 27
github.com/PlakarKorp/plakar/main.go:283.29,286.3 2 1
github.com/PlakarKorp/plakar/main.go:287.2,287.30 1 26
github.com/PlakarKorp/plakar/main.go:287.30,289.3 1 26
github.com/PlakarKorp/plakar/main.go:291.2,291.26 1 26
github.com/PlakarKorp/plakar/main.go:291.26,293.17 2 2
github.com/PlakarKorp/plakar/main.go:293.17,296.4 2 1
github.com/PlakarKorp/plakar/main.go:297.3,298.50 2 1
github.com/PlakarKorp/plakar/main.go:298.50,301.4 2 0
github.com/PlakarKorp/plakar/main.go:302.3,302.31 1 1
github.com/PlakarKorp/plakar/main.go:305.2,306.23 2 25
github.com/PlakarKorp/plakar/main.go:306.23,308.17 2 2
github.com/PlakarKorp/plakar/main.go:308.17,311.4 2 1
github.com/PlakarKorp/plakar/main.go:312.3,312.61 1 1
github.com/PlakarKorp/plakar/main.go:315.2,325.22 10 24
github.com/PlakarKorp/plakar/main.go:325.22,329.3 3 1
github.com/PlakarKorp/plakar/main.go:331.2,334.16 2 23
github.com/PlakarKorp/plakar/main.go:334.16,336.3 1 22
github.com/PlakarKorp/plakar/main.go:337.2,337.21 1 23
github.com/PlakarKorp/plakar/main.go:337.21,339.3 1 1
github.com/PlakarKorp/plakar/main.go:341.2,343.72 2 23
github.com/PlakarKorp/plakar/main.go:343.72,345.3 1 0
github.com/PlakarKorp/plakar/main.go:347.2,350.25 3 23
github.com/PlakarKorp/plakar/main.go:350.25,351.27 1 8
github.com/PlakarKorp/plakar/main.go:351.27,353.4 1 0
github.com/PlakarKorp/plakar/main.go:354.3,354.27 1 8
github.com/PlakarKorp/plakar/main.go:354.27,356.4 1 0
github.com/PlakarKorp/plakar/main.go:357.3,358.25 2 8
github.com/PlakarKorp/plakar/main.go:359.8,361.27 2 15
github.com/PlakarKorp/plakar/main.go:361.27,363.17 2 15
github.com/PlakarKorp/plakar/main.go:363.17,365.5 1 2
github.com/PlakarKorp/plakar/main.go:365.10,367.5 1 13
github.com/PlakarKorp/plakar/main.go:370.3,370.21 1 15
github.com/PlakarKorp/plakar/main.go:373.2,374.16 2 23
github.com/PlakarKorp/plakar/main.go:374.16,377.3 2 1
github.com/PlakarKorp/plakar/main.go:379.2,380.16 2 22
github.com/PlakarKorp/plakar/main.go:380.16,383.3 2 1
github.com/PlakarKorp/plakar/main.go:387.2,388.16 2 21
github.com/PlakarKorp/plakar/main.go:388.16,391.3 2 0
github.com/PlakarKorp/plakar/main.go:392.2,392.22 1 21
github.com/PlakarKorp/plakar/main.go:392.22,394.3 1 2
github.com/PlakarKorp/plakar/main.go:396.2,399.58 3 21
github.com/PlakarKorp/plakar/main.go:399.59,401.3 0 12
github.com/PlakarKorp/plakar/main.go:401.8,401.72 1 9
github.com/PlakarKorp/plakar/main.go:401.72,403.17 2 4
github.com/PlakarKorp/plakar/main.go:403.17,406.4 2 0
github.com/PlakarKorp/plakar/main.go:407.8,410.17 3 5
github.com/PlakarKorp/plakar/main.go:410.17,414.4 3 1
github.com/PlakarKorp/plakar/main.go:416.3,417.17 2 4
github.com/PlakarKorp/plakar/main.go:417.17,420.4 2 0
github.com/PlakarKorp/plakar/main.go:422.3,422.67 1 4
github.com/PlakarKorp/plakar/main.go:422.67,426.4 2 0
github.com/PlakarKorp/plakar/main.go:428.3,428.58 1 4
github.com/PlakarKorp/plakar/main.go:428.58,431.4 2 0
github.com/PlakarKorp/plakar/main.go:434.3,435.17 2 4
github.com/PlakarKorp/plakar/main.go:435.17,438.4 2 0
github.com/PlakarKorp/plakar/main.go:440.2,445.45 4 20
github.com/PlakarKorp/plakar/main.go:445.45,448.3 2 0
github.com/PlakarKorp/plakar/main.go:450.2,451.12 2 20
github.com/PlakarKorp/plakar/main.go:451.12,455.3 3 20
github.com/PlakarKorp/plakar/main.go:456.2,458.12 2 20
github.com/PlakarKorp/plakar/main.go:458.12,460.18 2 20
github.com/PlakarKorp/plakar/main.go:460.18,462.4 1 0
github.com/PlakarKorp/plakar/main.go:465.2,468.121 2 20
github.com/PlakarKorp/plakar/main.go:468.121,470.17 2 4
github.com/PlakarKorp/plakar/main.go:470.17,472.4 1 0
github.com/PlakarKorp/plakar/main.go:473.8,475.3 1 16
github.com/PlakarKorp/plakar/main.go:477.2,479.16 2 20
github.com/PlakarKorp/plakar/main.go:479.16,480.59 1 4
github.com/PlakarKorp/plakar/main.go:480.59,482.4 1 0
github.com/PlakarKorp/plakar/main.go:484.3,485.45 2 4
github.com/PlakarKorp/plakar/main.go:485.45,488.4 2 0
github.com/PlakarKorp/plakar/main.go:491.2,491.17 1 20
github.com/PlakarKorp/plakar/main.go:491.17,493.17 2 8
github.com/PlakarKorp/plakar/main.go:493.17,495.4 1 0
github.com/PlakarKorp/plakar/main.go:498.2,498.18 1 20
github.com/PlakarKorp/plakar/main.go:498.18,500.17 2 4
github.com/PlakarKorp/plakar/main.go:500.17,502.4 1 0
github.com/PlakarKorp/plakar/main.go:505.2,505.14 1 20
github.com/PlakarKorp/plakar/main.go:505.14,507.3 1 1
github.com/PlakarKorp/plakar/main.go:509.2,509.26 1 20
github.com/PlakarKorp/plakar/main.go:509.26,511.17 2 1
github.com/PlakarKorp/plakar/main.go:511.17,513.4 1 0
github.com/PlakarKorp/plakar/main.go:514.3,516.51 3 1
github.com/PlakarKorp/plakar/main.go:516.51,519.4 2 0
github.com/PlakarKorp/plakar/main.go:522.2,522.15 1 20
github.com/PlakarKorp/plakar/main.go:525.73,526.35 1 33
github.com/PlakarKorp/plakar/main.go:526.35,528.27 2 31
github.com/PlakarKorp/plakar/main.go:528.27,530.4 1 1
github.com/PlakarKorp/plakar/main.go:532.3,546.9 15 30
github.com/PlakarKorp/plakar/main.go:549.2,549.26 1 2
github.com/PlakarKorp/plakar/main.go:549.26,551.3 1 1
github.com/PlakarKorp/plakar/main.go:554.2,555.16 2 1
github.com/PlakarKorp/plakar/main.go:555.16,557.3 1 0
github.com/PlakarKorp/plakar/main.go:558.2,558.45 1 1
github.com/PlakarKorp/plakar/main.go:558.45,560.3 1 1
github.com/PlakarKorp/plakar/main.go:562.2,563.21 2 0
github.com/PlakarKorp/plakar/main.go:563.21,565.3 1 0
github.com/PlakarKorp/plakar/main.go:566.2,566.24 1 0
github.com/PlakarKorp/plakar/main.go:566.24,567.21 1 0
github.com/PlakarKorp/plakar/main.go:567.21,569.4 1 0
github.com/PlakarKorp/plakar/main.go:570.3,570.28 1 0
github.com/PlakarKorp/plakar/main.go:572.2,573.40 1 0
github.com/PlakarKorp/plakar/main.go:576.97,577.27 1 27
github.com/PlakarKorp/plakar/main.go:577.27,579.3 1 2
github.com/PlakarKorp/plakar/main.go:581.2,581.42 1 25
github.com/PlakarKorp/plakar/main.go:581.42,584.3 2 1
github.com/PlakarKorp/plakar/main.go:586.2,586.45 1 24
github.com/PlakarKorp/plakar/main.go:586.45,589.3 2 2
github.com/PlakarKorp/plakar/main.go:591.2,591.55 1 22
github.com/PlakarKorp/plakar/main.go:591.55,593.3 1 22
github.com/PlakarKorp/plakar/main.go:595.2,595.16 1 0
github.com/PlakarKorp/plakar/main.go:598.87,599.30 1 7
github.com/PlakarKorp/plakar/main.go:599.30,601.3 1 5
github.com/PlakarKorp/plakar/main.go:603.2,603.27 1 2
github.com/PlakarKorp/plakar/main.go:603.27,607.17 3 2
github.com/PlakarKorp/plakar/main.go:607.17,609.4 1 0
github.com/PlakarKorp/plakar/main.go:611.3,611.55 1 2
github.com/PlakarKorp/plakar/main.go:611.55,613.4 1 1
github.com/PlakarKorp/plakar/main.go:614.3,615.13 2 1
github.com/PlakarKorp/plakar/main.go:619.2,619.14 1 0
github.com/PlakarKorp/plakar/main.go:619.14,621.17 2 0
github.com/PlakarKorp/plakar/main.go:621.17,623.4 1 0
github.com/PlakarKorp/plakar/main.go:625.3,627.17 2 0
github.com/PlakarKorp/plakar/main.go:627.17,629.4 1 0
github.com/PlakarKorp/plakar/main.go:630.3,630.54 1 0
github.com/PlakarKorp/plakar/main.go:630.54,633.4 2 0
github.com/PlakarKorp/plakar/main.go:636.2,636.22 1 0
github.com/PlakarKorp/plakar/main.go:639.45,643.18 3 4
github.com/PlakarKorp/plakar/main.go:643.18,645.37 2 128
github.com/PlakarKorp/plakar/main.go:645.37,648.4 2 8
github.com/PlakarKorp/plakar/main.go:649.3,650.58 2 128
github.com/PlakarKorp/plakar/main.go:653.2,654.26 2 4
github.com/PlakarKorp/plakar/main.go:654.26,655.62 1 252
github.com/PlakarKorp/plakar/main.go:655.62,656.12 1 64
github.com/PlakarKorp/plakar/main.go:659.3,659.17 1 188
github.com/PlakarKorp/plakar/main.go:659.17,660.13 1 4
github.com/PlakarKorp/plakar/main.go:663.3,663.21 1 184
github.com/PlakarKorp/plakar/main.go:663.21,664.52 1 60
github.com/PlakarKorp/plakar/main.go:664.52,666.5 1 60
github.com/PlakarKorp/plakar/main.go:667.4,667.12 1 60
github.com/PlakarKorp/plakar/main.go:670.3,672.2 2 124
github.com/PlakarKorp/plakar/main.go:673.3,675.19 3 128
github.com/PlakarKorp/plakar/main.go:675.19,677.4 1 4
github.com/PlakarKorp/plakar/main.go:677.9,679.4 1 124
github.com/PlakarKorp/plakar/main.go:681.2,681.9 1 4
github.com/PlakarKorp/plakar/main.go:684.13,686.2 1 0
github.com/PlakarKorp/plakar/pkg.go:19.82,28.16 4 23
github.com/PlakarKorp/plakar/pkg.go:28.16,30.3 1 0
github.com/PlakarKorp/plakar/pkg.go:32.2,38.58 2 23
github.com/PlakarKorp/plakar/pkg.go:38.58,38.79 1 0
github.com/PlakarKorp/plakar/pkg.go:40.2,40.16 1 23
github.com/PlakarKorp/plakar/pkg.go:40.16,42.3 1 0
github.com/PlakarKorp/plakar/pkg.go:44.2,44.42 1 23
github.com/PlakarKorp/plakar/pkg.go:44.42,46.3 1 0
github.com/PlakarKorp/plakar/pkg.go:48.2,50.12 2 23
github.com/PlakarKorp/plakar/pkg.go:53.44,54.36 1 4
github.com/PlakarKorp/plakar/pkg.go:54.36,55.40 1 7
github.com/PlakarKorp/plakar/pkg.go:55.40,56.21 1 7
github.com/PlakarKorp/plakar/pkg.go:57.20,58.52 1 2
github.com/PlakarKorp/plakar/pkg.go:58.52,61.6 1 1
github.com/PlakarKorp/plakar/pkg.go:62.20,63.52 1 2
github.com/PlakarKorp/plakar/pkg.go:63.52,66.6 1 1
github.com/PlakarKorp/plakar/pkg.go:67.19,68.51 1 2
github.com/PlakarKorp/plakar/pkg.go:68.51,71.6 1 1
github.com/PlakarKorp/plakar/pkg.go:72.12,75.16 1 1
github.com/PlakarKorp/plakar/pkg.go:80.2,80.12 1 1
github.com/PlakarKorp/plakar/pkg.go:83.66,84.48 1 1
github.com/PlakarKorp/plakar/pkg.go:84.48,87.3 1 0
github.com/PlakarKorp/plakar/pkg.go:90.53,91.42 1 1
github.com/PlakarKorp/plakar/pkg.go:91.42,94.3 1 0
github.com/PlakarKorp/plakar/term.go:11.24,12.54 1 29
github.com/PlakarKorp/plakar/term.go:12.54,14.3 1 28
github.com/PlakarKorp/plakar/term.go:16.2,16.27 1 1
github.com/PlakarKorp/plakar/subcommands/subcommands.go:32.57,34.2 1 2
github.com/PlakarKorp/plakar/subcommands/subcommands.go:36.52,38.2 1 2
github.com/PlakarKorp/plakar/subcommands/subcommands.go:40.57,42.2 1 1
github.com/PlakarKorp/plakar/subcommands/subcommands.go:54.71,55.20 1 8
github.com/PlakarKorp/plakar/subcommands/subcommands.go:55.20,56.55 1 1
github.com/PlakarKorp/plakar/subcommands/subcommands.go:59.2,64.4 1 7
github.com/PlakarKorp/plakar/subcommands/subcommands.go:67.66,69.37 2 4
github.com/PlakarKorp/plakar/subcommands/subcommands.go:69.37,70.27 1 16
github.com/PlakarKorp/plakar/subcommands/subcommands.go:70.27,71.12 1 12
github.com/PlakarKorp/plakar/subcommands/subcommands.go:74.3,74.59 1 4
github.com/PlakarKorp/plakar/subcommands/subcommands.go:74.59,75.12 1 3
github.com/PlakarKorp/plakar/subcommands/subcommands.go:78.3,80.65 3 1
github.com/PlakarKorp/plakar/subcommands/subcommands.go:83.2,83.28 1 3
github.com/PlakarKorp/plakar/subcommands/subcommands.go:86.24,88.53 2 2
github.com/PlakarKorp/plakar/subcommands/subcommands.go:88.53,90.7 2 12
github.com/PlakarKorp/plakar/subcommands/subcommands.go:90.7,92.14 2 14
github.com/PlakarKorp/plakar/subcommands/subcommands.go:92.14,94.5 1 10
github.com/PlakarKorp/plakar/subcommands/subcommands.go:96.4,97.24 2 4
github.com/PlakarKorp/plakar/subcommands/subcommands.go:97.24,99.5 1 0
github.com/PlakarKorp/plakar/subcommands/subcommands.go:100.4,100.24 1 4
github.com/PlakarKorp/plakar/subcommands/subcommands.go:100.24,102.5 1 2
github.com/PlakarKorp/plakar/subcommands/subcommands.go:105.2,105.38 1 2
github.com/PlakarKorp/plakar/subcommands/subcommands.go:105.38,107.3 1 9
github.com/PlakarKorp/plakar/subcommands/subcommands.go:108.2,108.13 1 2
github.com/PlakarKorp/plakar/subcommands/archive/archive.go:31.13,32.53 1 1
github.com/PlakarKorp/plakar/subcommands/archive/archive.go:32.53,32.74 1 1
github.com/PlakarKorp/plakar/subcommands/archive/archive.go:35.76,37.23 2 6
github.com/PlakarKorp/plakar/subcommands/archive/archive.go:37.23,41.3 3 0
github.com/PlakarKorp/plakar/subcommands/archive/archive.go:43.2,48.23 5 6
github.com/PlakarKorp/plakar/subcommands/archive/archive.go:48.23,50.3 1 1
github.com/PlakarKorp/plakar/subcommands/archive/archive.go:51.2,58.48 3 5
github.com/PlakarKorp/plakar/subcommands/archive/archive.go:58.48,60.3 1 1
github.com/PlakarKorp/plakar/subcommands/archive/archive.go:62.2,62.22 1 4
github.com/PlakarKorp/plakar/subcommands/archive/archive.go:62.22,64.3 1 1
github.com/PlakarKorp/plakar/subcommands/archive/archive.go:66.2,66.12 1 4
github.com/PlakarKorp/plakar/subcommands/archive/archive.go:78.99,80.16 2 3
github.com/PlakarKorp/plakar/subcommands/archive/archive.go:80.16,82.3 1 1
github.com/PlakarKorp/plakar/subcommands/archive/archive.go:83.2,86.23 3 2
github.com/PlakarKorp/plakar/subcommands/archive/archive.go:86.23,88.17 2 2
github.com/PlakarKorp/plakar/subcommands/archive/archive.go:88.17,90.4 1 1
github.com/PlakarKorp/plakar/subcommands/archive/archive.go:91.3,91.20 1 1
github.com/PlakarKorp/plakar/subcommands/archive/archive.go:94.2,94.85 1 1
github.com/PlakarKorp/plakar/subcommands/archive/archive.go:94.85,96.3 1 0
github.com/PlakarKorp/plakar/subcommands/archive/archive.go:98.2,98.15 1 1
github.com/PlakarKorp/plakar/subcommands/cached/cached.go:44.13,45.53 1 1
github.com/PlakarKorp/plakar/subcommands/cached/cached.go:45.53,45.73 1 0
github.com/PlakarKorp/plakar/subcommands/cached/cached.go:73.75,80.23 6 8
github.com/PlakarKorp/plakar/subcommands/cached/cached.go:80.23,84.3 3 0
github.com/PlakarKorp/plakar/subcommands/cached/cached.go:86.2,88.23 3 8
github.com/PlakarKorp/plakar/subcommands/cached/cached.go:88.23,90.3 1 1
github.com/PlakarKorp/plakar/subcommands/cached/cached.go:92.2,92.50 1 7
github.com/PlakarKorp/plakar/subcommands/cached/cached.go:92.50,95.3 2 0
github.com/PlakarKorp/plakar/subcommands/cached/cached.go:97.2,97.23 1 7
github.com/PlakarKorp/plakar/subcommands/cached/cached.go:97.23,99.17 2 2
github.com/PlakarKorp/plakar/subcommands/cached/cached.go:99.17,101.4 1 1
github.com/PlakarKorp/plakar/subcommands/cached/cached.go:102.3,102.31 1 1
github.com/PlakarKorp/plakar/subcommands/cached/cached.go:103.8,103.28 1 5
github.com/PlakarKorp/plakar/subcommands/cached/cached.go:103.28,104.42 1 1
github.com/PlakarKorp/plakar/subcommands/cached/cached.go:104.42,108.4 3 1
github.com/PlakarKorp/plakar/subcommands/cached/cached.go:111.2,117.12 5 6
github.com/PlakarKorp/plakar/subcommands/cached/cached.go:120.34,121.25 1 2
github.com/PlakarKorp/plakar/subcommands/cached/cached.go:121.25,123.3 1 1
github.com/PlakarKorp/plakar/subcommands/cached/cached.go:124.2,124.73 1 2
github.com/PlakarKorp/plakar/subcommands/cached/cached.go:124.73,126.3 1 0
github.com/PlakarKorp/plakar/subcommands/cached/cached.go:127.2,127.12 1 2
github.com/PlakarKorp/plakar/subcommands/cached/cached.go:130.98,135.16 3 1
github.com/PlakarKorp/plakar/subcommands/cached/cached.go:135.16,137.3 1 1
github.com/PlakarKorp/plakar/subcommands/cached/cached.go:139.2,144.48 3 0
github.com/PlakarKorp/plakar/subcommands/cached/cached.go:144.48,146.3 1 0
github.com/PlakarKorp/plakar/subcommands/cached/cached.go:148.2,149.15 2 0
github.com/PlakarKorp/plakar/subcommands/cached/cached.go:160.51,163.6 2 2
github.com/PlakarKorp/plakar/subcommands/cached/cached.go:163.6,164.10 1 13
github.com/PlakarKorp/plakar/subcommands/cached/cached.go:165.31,166.17 1 4
github.com/PlakarKorp/plakar/subcommands/cached/cached.go:167.35,168.21 1 7
github.com/PlakarKorp/plakar/subcommands/cached/cached.go:168.21,170.5 1 2
github.com/PlakarKorp/plakar/subcommands/cached/cached.go:175.69,177.16 2 1
github.com/PlakarKorp/plakar/subcommands/cached/cached.go:177.16,179.3 1 0
github.com/PlakarKorp/plakar/subcommands/cached/cached.go:180.2,181.16 2 1
github.com/PlakarKorp/plakar/subcommands/cached/cached.go:181.16,185.3 3 1
github.com/PlakarKorp/plakar/subcommands/cached/cached.go:186.2,191.16 4 0
github.com/PlakarKorp/plakar/subcommands/cached/cached.go:191.16,193.3 1 0
github.com/PlakarKorp/plakar/subcommands/cached/cached.go:195.2,198.12 3 0
github.com/PlakarKorp/plakar/subcommands/cached/cached.go:198.12,202.3 3 0
github.com/PlakarKorp/plakar/subcommands/cached/cached.go:204.2,204.6 1 0
github.com/PlakarKorp/plakar/subcommands/cached/cached.go:204.6,206.17 2 0
github.com/PlakarKorp/plakar/subcommands/cached/cached.go:206.17,207.17 1 0
github.com/PlakarKorp/plakar/subcommands/cached/cached.go:207.17,209.5 1 0
github.com/PlakarKorp/plakar/subcommands/cached/cached.go:211.4,211.102 1 0
github.com/PlakarKorp/plakar/subcommands/cached/cached.go:211.102,213.5 1 0
github.com/PlakarKorp/plakar/subcommands/cached/cached.go:216.4,216.14 1 0
github.com/PlakarKorp/plakar/subcommands/cached/cached.go:219.3,220.13 2 0
github.com/PlakarKorp/plakar/subcommands/cached/cached.go:220.13,221.17 1 0
github.com/PlakarKorp/plakar/subcommands/cached/cached.go:221.17,221.47 1 0
github.com/PlakarKorp/plakar/subcommands/cached/cached.go:223.4,223.45 1 0
github.com/PlakarKorp/plakar/subcommands/cached/cached.go:223.45,225.5 1 0
github.com/PlakarKorp/plakar/subcommands/cached/cached.go:227.4,227.37 1 0
github.com/PlakarKorp/plakar/subcommands/cached/cached.go:233.82,244.52 5 0
github.com/PlakarKorp/plakar/subcommands/cached/cached.go:244.52,246.3 1 0
github.com/PlakarKorp/plakar/subcommands/cached/cached.go:247.2,247.48 1 0
github.com/PlakarKorp/plakar/subcommands/cached/cached.go:247.48,249.3 1 0
github.com/PlakarKorp/plakar/subcommands/cached/cached.go:251.2,252.44 2 0
github.com/PlakarKorp/plakar/subcommands/cached/cached.go:252.44,253.29 1 0
github.com/PlakarKorp/plakar/subcommands/cached/cached.go:253.29,256.4 2 0
github.com/PlakarKorp/plakar/subcommands/cached/cached.go:257.3,258.9 2 0
github.com/PlakarKorp/plakar/subcommands/cached/cached.go:261.2,268.44 6 0
github.com/PlakarKorp/plakar/subcommands/cached/cached.go:268.44,272.17 3 0
github.com/PlakarKorp/plakar/subcommands/cached/cached.go:272.17,274.4 1 0
github.com/PlakarKorp/plakar/subcommands/cached/cached.go:276.2,278.16 2 0
github.com/PlakarKorp/plakar/subcommands/cached/cached.go:278.16,283.25 2 0
github.com/PlakarKorp/plakar/subcommands/cached/cached.go:283.25,285.4 1 0
github.com/PlakarKorp/plakar/subcommands/cached/cached.go:287.3,289.25 2 0
github.com/PlakarKorp/plakar/subcommands/cached/cached.go:289.25,291.4 1 0
github.com/PlakarKorp/plakar/subcommands/cached/cached.go:294.2,296.16 3 0
github.com/PlakarKorp/plakar/subcommands/cached/cached.go:296.16,299.3 2 0
github.com/PlakarKorp/plakar/subcommands/cached/cached.go:301.2,305.50 2 0
github.com/PlakarKorp/plakar/subcommands/cached/cached.go:305.50,307.3 1 0
github.com/PlakarKorp/plakar/subcommands/cached/cached.go:310.150,313.16 3 0
github.com/PlakarKorp/plakar/subcommands/cached/cached.go:313.16,315.3 1 0
github.com/PlakarKorp/plakar/subcommands/cached/cached.go:317.2,318.16 2 0
github.com/PlakarKorp/plakar/subcommands/cached/cached.go:318.16,320.3 1 0
github.com/PlakarKorp/plakar/subcommands/cached/cached.go:322.2,323.16 2 0
github.com/PlakarKorp/plakar/subcommands/cached/cached.go:323.16,325.3 1 0
github.com/PlakarKorp/plakar/subcommands/cached/cached.go:327.2,327.49 1 0
github.com/PlakarKorp/plakar/subcommands/cached/cached.go:327.49,329.3 1 0
github.com/PlakarKorp/plakar/subcommands/cached/cached.go:331.2,331.12 1 0
github.com/PlakarKorp/plakar/subcommands/cached/cached.go:331.12,338.7 4 0
github.com/PlakarKorp/plakar/subcommands/cached/cached.go:338.7,339.11 1 0
github.com/PlakarKorp/plakar/subcommands/cached/cached.go:340.26,343.38 3 0
github.com/PlakarKorp/plakar/subcommands/cached/cached.go:343.38,345.6 1 0
github.com/PlakarKorp/plakar/subcommands/cached/cached.go:345.11,347.6 1 0
github.com/PlakarKorp/plakar/subcommands/cached/cached.go:350.5,350.22 1 0
github.com/PlakarKorp/plakar/subcommands/cached/cached.go:350.22,353.6 2 0
github.com/PlakarKorp/plakar/subcommands/cached/cached.go:355.5,355.31 1 0
github.com/PlakarKorp/plakar/subcommands/cached/cached.go:358.22,359.18 1 0
github.com/PlakarKorp/plakar/subcommands/cached/cached.go:364.3,366.22 3 0
github.com/PlakarKorp/plakar/subcommands/cached/cached.go:369.2,369.12 1 0
github.com/PlakarKorp/plakar/subcommands/cached/cached.go:373.97,375.16 2 4
github.com/PlakarKorp/plakar/subcommands/cached/cached.go:375.16,377.3 1 1
github.com/PlakarKorp/plakar/subcommands/cached/cached.go:379.2,379.30 1 3
github.com/PlakarKorp/plakar/subcommands/cached/cached.go:379.30,381.3 1 1
github.com/PlakarKorp/plakar/subcommands/cached/cached.go:383.2,384.54 2 2
github.com/PlakarKorp/plakar/subcommands/cached/cached.go:384.54,386.3 1 1
github.com/PlakarKorp/plakar/subcommands/cached/cached.go:388.2,388.17 1 1
github.com/PlakarKorp/plakar/subcommands/cached/cached.go:391.40,392.49 1 6
github.com/PlakarKorp/plakar/subcommands/cached/cached.go:392.49,394.3 1 2
github.com/PlakarKorp/plakar/subcommands/cached/cached.go:395.2,396.52 2 4
github.com/PlakarKorp/plakar/subcommands/cached/osdep_unix.go:13.52,15.16 2 1
github.com/PlakarKorp/plakar/subcommands/cached/osdep_unix.go:15.16,17.3 1 1
github.com/PlakarKorp/plakar/subcommands/cached/osdep_unix.go:18.2,19.12 2 0
github.com/PlakarKorp/plakar/subcommands/cached/osdep_unix.go:22.37,24.16 2 0
github.com/PlakarKorp/plakar/subcommands/cached/osdep_unix.go:24.16,26.3 1 0
github.com/PlakarKorp/plakar/subcommands/cached/osdep_unix.go:28.2,42.69 4 0
github.com/PlakarKorp/plakar/subcommands/cached/osdep_unix.go:42.69,44.3 1 0
github.com/PlakarKorp/plakar/subcommands/cached/osdep_unix.go:44.8,47.3 2 0
github.com/PlakarKorp/plakar/subcommands/cat/cat.go:35.13,36.53 1 1
github.com/PlakarKorp/plakar/subcommands/cat/cat.go:36.53,36.70 1 1
github.com/PlakarKorp/plakar/subcommands/cat/cat.go:39.72,41.23 2 11
github.com/PlakarKorp/plakar/subcommands/cat/cat.go:41.23,45.3 3 0
github.com/PlakarKorp/plakar/subcommands/cat/cat.go:47.2,51.23 4 11
github.com/PlakarKorp/plakar/subcommands/cat/cat.go:51.23,53.3 1 1
github.com/PlakarKorp/plakar/subcommands/cat/cat.go:55.2,58.12 3 10
github.com/PlakarKorp/plakar/subcommands/cat/cat.go:69.95,71.37 2 10
github.com/PlakarKorp/plakar/subcommands/cat/cat.go:71.37,73.17 2 12
github.com/PlakarKorp/plakar/subcommands/cat/cat.go:73.17,76.12 3 1
github.com/PlakarKorp/plakar/subcommands/cat/cat.go:79.3,79.21 1 11
github.com/PlakarKorp/plakar/subcommands/cat/cat.go:79.21,83.12 4 0
github.com/PlakarKorp/plakar/subcommands/cat/cat.go:86.3,87.17 2 11
github.com/PlakarKorp/plakar/subcommands/cat/cat.go:87.17,91.12 4 0
github.com/PlakarKorp/plakar/subcommands/cat/cat.go:94.3,96.17 2 11
github.com/PlakarKorp/plakar/subcommands/cat/cat.go:96.17,100.12 4 2
github.com/PlakarKorp/plakar/subcommands/cat/cat.go:103.3,103.39 1 9
github.com/PlakarKorp/plakar/subcommands/cat/cat.go:103.39,107.12 4 1
github.com/PlakarKorp/plakar/subcommands/cat/cat.go:110.3,111.17 2 8
github.com/PlakarKorp/plakar/subcommands/cat/cat.go:111.17,113.4 1 0
github.com/PlakarKorp/plakar/subcommands/cat/cat.go:115.3,117.79 2 8
github.com/PlakarKorp/plakar/subcommands/cat/cat.go:117.79,119.18 2 3
github.com/PlakarKorp/plakar/subcommands/cat/cat.go:119.18,124.13 5 1
github.com/PlakarKorp/plakar/subcommands/cat/cat.go:126.4,126.13 1 2
github.com/PlakarKorp/plakar/subcommands/cat/cat.go:129.3,129.20 1 7
github.com/PlakarKorp/plakar/subcommands/cat/cat.go:129.20,131.20 2 2
github.com/PlakarKorp/plakar/subcommands/cat/cat.go:131.20,133.5 1 1
github.com/PlakarKorp/plakar/subcommands/cat/cat.go:134.4,134.20 1 2
github.com/PlakarKorp/plakar/subcommands/cat/cat.go:134.20,136.5 1 1
github.com/PlakarKorp/plakar/subcommands/cat/cat.go:137.4,142.8 5 2
github.com/PlakarKorp/plakar/subcommands/cat/cat.go:142.8,144.14 2 3
github.com/PlakarKorp/plakar/subcommands/cat/cat.go:144.14,149.28 3 2
github.com/PlakarKorp/plakar/subcommands/cat/cat.go:149.28,153.12 4 0
github.com/PlakarKorp/plakar/subcommands/cat/cat.go:156.6,157.26 2 2
github.com/PlakarKorp/plakar/subcommands/cat/cat.go:157.26,161.12 4 0
github.com/PlakarKorp/plakar/subcommands/cat/cat.go:166.5,166.22 1 3
github.com/PlakarKorp/plakar/subcommands/cat/cat.go:166.22,167.11 1 2
github.com/PlakarKorp/plakar/subcommands/cat/cat.go:168.11,168.26 1 1
github.com/PlakarKorp/plakar/subcommands/cat/cat.go:168.26,172.11 4 0
github.com/PlakarKorp/plakar/subcommands/cat/cat.go:175.9,177.4 1 5
github.com/PlakarKorp/plakar/subcommands/cat/cat.go:178.3,179.17 2 7
github.com/PlakarKorp/plakar/subcommands/cat/cat.go:179.17,183.12 4 0
github.com/PlakarKorp/plakar/subcommands/cat/cat.go:185.3,185.15 1 7
github.com/PlakarKorp/plakar/subcommands/cat/cat.go:188.2,188.17 1 10
github.com/PlakarKorp/plakar/subcommands/cat/cat.go:188.17,190.3 1 5
github.com/PlakarKorp/plakar/subcommands/cat/cat.go:191.2,191.15 1 5
github.com/PlakarKorp/plakar/subcommands/config/config.go:39.13,40.53 1 1
github.com/PlakarKorp/plakar/subcommands/config/config.go:40.53,40.81 1 1
github.com/PlakarKorp/plakar/subcommands/config/config.go:42.2,42.53 1 1
github.com/PlakarKorp/plakar/subcommands/config/config.go:42.53,42.82 1 1
github.com/PlakarKorp/plakar/subcommands/config/config.go:44.2,44.53 1 1
github.com/PlakarKorp/plakar/subcommands/config/config.go:44.53,44.87 1 1
github.com/PlakarKorp/plakar/subcommands/config/config.go:46.2,46.53 1 1
github.com/PlakarKorp/plakar/subcommands/config/config.go:46.53,46.82 1 1
github.com/PlakarKorp/plakar/subcommands/config/config.go:50.39,51.34 1 50
github.com/PlakarKorp/plakar/subcommands/config/config.go:51.34,53.3 1 2
github.com/PlakarKorp/plakar/subcommands/config/config.go:54.2,54.25 1 48
github.com/PlakarKorp/plakar/subcommands/config/config.go:54.25,55.10 1 126
github.com/PlakarKorp/plakar/subcommands/config/config.go:59.25,60.12 1 122
github.com/PlakarKorp/plakar/subcommands/config/config.go:61.11,62.16 1 4
github.com/PlakarKorp/plakar/subcommands/config/config.go:65.2,65.13 1 44
github.com/PlakarKorp/plakar/subcommands/config/config.go:68.40,70.2 1 132
github.com/PlakarKorp/plakar/subcommands/config/config.go:72.48,74.2 1 44
github.com/PlakarKorp/plakar/subcommands/config/config.go:76.86,80.29 3 3
github.com/PlakarKorp/plakar/subcommands/config/config.go:80.29,82.3 1 6
github.com/PlakarKorp/plakar/subcommands/config/config.go:83.2,84.12 2 3
github.com/PlakarKorp/plakar/subcommands/config/config.go:87.101,90.13 3 122
github.com/PlakarKorp/plakar/subcommands/config/config.go:91.15,93.37 2 65
github.com/PlakarKorp/plakar/subcommands/config/config.go:94.21,96.38 2 21
github.com/PlakarKorp/plakar/subcommands/config/config.go:97.16,99.33 2 35
github.com/PlakarKorp/plakar/subcommands/config/config.go:100.10,101.43 1 1
github.com/PlakarKorp/plakar/subcommands/config/config.go:104.2,104.16 1 121
github.com/PlakarKorp/plakar/subcommands/config/config.go:105.13,107.20 2 43
github.com/PlakarKorp/plakar/subcommands/config/config.go:107.20,110.4 2 0
github.com/PlakarKorp/plakar/subcommands/config/config.go:111.3,113.20 2 43
github.com/PlakarKorp/plakar/subcommands/config/config.go:113.20,116.4 1 1
github.com/PlakarKorp/plakar/subcommands/config/config.go:118.3,119.28 2 42
github.com/PlakarKorp/plakar/subcommands/config/config.go:119.28,121.4 1 1
github.com/PlakarKorp/plakar/subcommands/config/config.go:123.3,123.20 1 41
github.com/PlakarKorp/plakar/subcommands/config/config.go:123.20,125.4 1 1
github.com/PlakarKorp/plakar/subcommands/config/config.go:126.3,128.31 3 40
github.com/PlakarKorp/plakar/subcommands/config/config.go:128.31,130.27 2 11
github.com/PlakarKorp/plakar/subcommands/config/config.go:130.27,133.5 1 1
github.com/PlakarKorp/plakar/subcommands/config/config.go:134.4,134.27 1 10
github.com/PlakarKorp/plakar/subcommands/config/config.go:136.3,136.48 1 39
github.com/PlakarKorp/plakar/subcommands/config/config.go:138.15,140.20 2 14
github.com/PlakarKorp/plakar/subcommands/config/config.go:140.20,143.4 2 0
github.com/PlakarKorp/plakar/subcommands/config/config.go:144.3,146.21 2 14
github.com/PlakarKorp/plakar/subcommands/config/config.go:146.21,148.4 1 1
github.com/PlakarKorp/plakar/subcommands/config/config.go:149.3,150.21 2 13
github.com/PlakarKorp/plakar/subcommands/config/config.go:150.21,152.4 1 3
github.com/PlakarKorp/plakar/subcommands/config/config.go:154.3,154.14 1 10
github.com/PlakarKorp/plakar/subcommands/config/config.go:155.16,157.18 2 3
github.com/PlakarKorp/plakar/subcommands/config/config.go:157.18,159.5 1 2
github.com/PlakarKorp/plakar/subcommands/config/config.go:160.4,160.20 1 1
github.com/PlakarKorp/plakar/subcommands/config/config.go:162.17,164.11 2 4
github.com/PlakarKorp/plakar/subcommands/config/config.go:164.11,166.5 1 0
github.com/PlakarKorp/plakar/subcommands/config/config.go:167.4,168.18 2 4
github.com/PlakarKorp/plakar/subcommands/config/config.go:168.18,170.5 1 3
github.com/PlakarKorp/plakar/subcommands/config/config.go:171.4,171.18 1 1
github.com/PlakarKorp/plakar/subcommands/config/config.go:173.22,175.11 2 3
github.com/PlakarKorp/plakar/subcommands/config/config.go:175.11,177.5 1 0
github.com/PlakarKorp/plakar/subcommands/config/config.go:178.4,179.18 2 3
github.com/PlakarKorp/plakar/subcommands/config/config.go:179.18,181.5 1 2
github.com/PlakarKorp/plakar/subcommands/config/config.go:182.4,182.18 1 1
github.com/PlakarKorp/plakar/subcommands/config/config.go:185.3,185.13 1 3
github.com/PlakarKorp/plakar/subcommands/config/config.go:187.16,195.24 8 10
github.com/PlakarKorp/plakar/subcommands/config/config.go:195.24,198.4 2 0
github.com/PlakarKorp/plakar/subcommands/config/config.go:199.3,202.23 3 10
github.com/PlakarKorp/plakar/subcommands/config/config.go:202.23,203.93 1 10
github.com/PlakarKorp/plakar/subcommands/config/config.go:203.93,205.19 2 0
github.com/PlakarKorp/plakar/subcommands/config/config.go:205.19,207.6 1 0
github.com/PlakarKorp/plakar/subcommands/config/config.go:208.5,209.19 2 0
github.com/PlakarKorp/plakar/subcommands/config/config.go:210.10,212.19 2 10
github.com/PlakarKorp/plakar/subcommands/config/config.go:212.19,214.6 1 1
github.com/PlakarKorp/plakar/subcommands/config/config.go:215.5,216.11 2 9
github.com/PlakarKorp/plakar/subcommands/config/config.go:220.3,221.17 2 9
github.com/PlakarKorp/plakar/subcommands/config/config.go:221.17,223.4 1 2
github.com/PlakarKorp/plakar/subcommands/config/config.go:225.3,226.17 2 9
github.com/PlakarKorp/plakar/subcommands/config/config.go:226.17,228.4 1 2
github.com/PlakarKorp/plakar/subcommands/config/config.go:229.3,229.27 1 7
github.com/PlakarKorp/plakar/subcommands/config/config.go:229.27,231.4 1 0
github.com/PlakarKorp/plakar/subcommands/config/config.go:233.3,233.24 1 7
github.com/PlakarKorp/plakar/subcommands/config/config.go:233.24,234.42 1 4
github.com/PlakarKorp/plakar/subcommands/config/config.go:234.42,235.40 1 7
github.com/PlakarKorp/plakar/subcommands/config/config.go:235.40,237.14 2 1
github.com/PlakarKorp/plakar/subcommands/config/config.go:239.5,240.37 2 6
github.com/PlakarKorp/plakar/subcommands/config/config.go:242.9,243.47 1 3
github.com/PlakarKorp/plakar/subcommands/config/config.go:243.47,245.15 2 5
github.com/PlakarKorp/plakar/subcommands/config/config.go:245.15,247.6 1 2
github.com/PlakarKorp/plakar/subcommands/config/config.go:248.5,248.43 1 5
github.com/PlakarKorp/plakar/subcommands/config/config.go:248.43,250.14 2 1
github.com/PlakarKorp/plakar/subcommands/config/config.go:253.5,253.46 1 4
github.com/PlakarKorp/plakar/subcommands/config/config.go:253.46,255.14 2 1
github.com/PlakarKorp/plakar/subcommands/config/config.go:257.5,257.49 1 3
github.com/PlakarKorp/plakar/subcommands/config/config.go:257.49,259.14 2 1
github.com/PlakarKorp/plakar/subcommands/config/config.go:260.11,263.6 2 2
github.com/PlakarKorp/plakar/subcommands/config/config.go:266.3,266.48 1 7
github.com/PlakarKorp/plakar/subcommands/config/config.go:268.14,270.20 2 10
github.com/PlakarKorp/plakar/subcommands/config/config.go:270.20,273.4 2 0
github.com/PlakarKorp/plakar/subcommands/config/config.go:274.3,276.21 2 10
github.com/PlakarKorp/plakar/subcommands/config/config.go:276.21,278.4 1 1
github.com/PlakarKorp/plakar/subcommands/config/config.go:279.3,280.21 2 9
github.com/PlakarKorp/plakar/subcommands/config/config.go:280.21,282.4 1 3
github.com/PlakarKorp/plakar/subcommands/config/config.go:284.3,284.14 1 6
github.com/PlakarKorp/plakar/subcommands/config/config.go:285.16,287.18 2 2
github.com/PlakarKorp/plakar/subcommands/config/config.go:287.18,289.5 1 1
github.com/PlakarKorp/plakar/subcommands/config/config.go:290.4,291.42 2 1
github.com/PlakarKorp/plakar/subcommands/config/config.go:291.42,293.5 1 0
github.com/PlakarKorp/plakar/subcommands/config/config.go:294.4,294.35 1 1
github.com/PlakarKorp/plakar/subcommands/config/config.go:296.17,298.11 2 2
github.com/PlakarKorp/plakar/subcommands/config/config.go:298.11,300.5 1 0
github.com/PlakarKorp/plakar/subcommands/config/config.go:301.4,302.18 2 2
github.com/PlakarKorp/plakar/subcommands/config/config.go:302.18,304.5 1 1
github.com/PlakarKorp/plakar/subcommands/config/config.go:305.4,306.40 2 1
github.com/PlakarKorp/plakar/subcommands/config/config.go:306.40,308.5 1 0
github.com/PlakarKorp/plakar/subcommands/config/config.go:309.4,309.35 1 1
github.com/PlakarKorp/plakar/subcommands/config/config.go:311.22,313.11 2 2
github.com/PlakarKorp/plakar/subcommands/config/config.go:313.11,315.5 1 0
github.com/PlakarKorp/plakar/subcommands/config/config.go:316.4,317.18 2 2
github.com/PlakarKorp/plakar/subcommands/config/config.go:317.18,319.5 1 1
github.com/PlakarKorp/plakar/subcommands/config/config.go:320.4,321.40 2 1
github.com/PlakarKorp/plakar/subcommands/config/config.go:321.40,323.5 1 0
github.com/PlakarKorp/plakar/subcommands/config/config.go:324.4,324.35 1 1
github.com/PlakarKorp/plakar/subcommands/config/config.go:327.3,327.13 1 3
github.com/PlakarKorp/plakar/subcommands/config/config.go:329.12,331.20 2 9
github.com/PlakarKorp/plakar/subcommands/config/config.go:331.20,334.4 2 0
github.com/PlakarKorp/plakar/subcommands/config/config.go:335.3,337.21 2 9
github.com/PlakarKorp/plakar/subcommands/config/config.go:337.21,340.4 1 1
github.com/PlakarKorp/plakar/subcommands/config/config.go:342.3,343.21 2 8
github.com/PlakarKorp/plakar/subcommands/config/config.go:343.21,345.4 1 5
github.com/PlakarKorp/plakar/subcommands/config/config.go:346.3,347.48 2 3
github.com/PlakarKorp/plakar/subcommands/config/config.go:349.13,351.20 2 10
github.com/PlakarKorp/plakar/subcommands/config/config.go:351.20,354.4 2 0
github.com/PlakarKorp/plakar/subcommands/config/config.go:355.3,357.20 2 10
github.com/PlakarKorp/plakar/subcommands/config/config.go:357.20,360.4 1 0
github.com/PlakarKorp/plakar/subcommands/config/config.go:361.3,362.21 2 10
github.com/PlakarKorp/plakar/subcommands/config/config.go:362.21,364.4 1 1
github.com/PlakarKorp/plakar/subcommands/config/config.go:365.3,365.31 1 9
github.com/PlakarKorp/plakar/subcommands/config/config.go:365.31,367.27 2 9
github.com/PlakarKorp/plakar/subcommands/config/config.go:367.27,369.5 1 1
github.com/PlakarKorp/plakar/subcommands/config/config.go:370.4,370.27 1 8
github.com/PlakarKorp/plakar/subcommands/config/config.go:372.3,372.48 1 8
github.com/PlakarKorp/plakar/subcommands/config/config.go:374.14,380.20 6 14
github.com/PlakarKorp/plakar/subcommands/config/config.go:380.20,383.4 2 0
github.com/PlakarKorp/plakar/subcommands/config/config.go:385.3,392.25 7 14
github.com/PlakarKorp/plakar/subcommands/config/config.go:392.25,393.29 1 3
github.com/PlakarKorp/plakar/subcommands/config/config.go:393.29,395.5 1 1
github.com/PlakarKorp/plakar/subcommands/config/config.go:396.9,398.4 1 11
[...]
github.com/PlakarKorp/plakar/utils/config_policy.go:232.3,233.17 2 8
github.com/PlakarKorp/plakar/utils/config_policy.go:234.15,235.93 1 3
github.com/PlakarKorp/plakar/utils/config_policy.go:236.15,237.93 1 4
github.com/PlakarKorp/plakar/utils/config_policy.go:238.11,239.50 1 1
github.com/PlakarKorp/plakar/utils/config_policy.go:241.3,241.17 1 7
github.com/PlakarKorp/plakar/utils/config_policy.go:241.17,243.4 1 1
github.com/PlakarKorp/plakar/utils/config_policy.go:246.2,246.12 1 5
github.com/PlakarKorp/plakar/utils/config_policy.go:249.69,255.16 5 9
github.com/PlakarKorp/plakar/utils/config_policy.go:255.16,256.25 1 6
github.com/PlakarKorp/plakar/utils/config_policy.go:256.25,258.4 1 6
github.com/PlakarKorp/plakar/utils/config_policy.go:259.3,259.18 1 0
github.com/PlakarKorp/plakar/utils/config_policy.go:261.2,263.37 2 3
github.com/PlakarKorp/plakar/utils/config_policy.go:263.37,265.3 1 1
github.com/PlakarKorp/plakar/utils/config_policy.go:267.2,267.18 1 2
github.com/PlakarKorp/plakar/utils/config_policy.go:270.77,272.9 2 2
github.com/PlakarKorp/plakar/utils/config_policy.go:272.9,274.3 1 1
github.com/PlakarKorp/plakar/utils/config_policy.go:275.2,275.10 1 1
github.com/PlakarKorp/plakar/utils/ignore_file.go:12.56,14.16 2 2
github.com/PlakarKorp/plakar/utils/ignore_file.go:14.16,16.3 1 1
github.com/PlakarKorp/plakar/utils/ignore_file.go:17.2,21.21 4 1
github.com/PlakarKorp/plakar/utils/ignore_file.go:21.21,23.35 2 6
github.com/PlakarKorp/plakar/utils/ignore_file.go:23.35,24.12 1 1
github.com/PlakarKorp/plakar/utils/ignore_file.go:26.3,26.40 1 5
github.com/PlakarKorp/plakar/utils/ignore_file.go:26.40,27.12 1 2
github.com/PlakarKorp/plakar/utils/ignore_file.go:29.3,29.30 1 3
github.com/PlakarKorp/plakar/utils/ignore_file.go:31.2,31.38 1 1
github.com/PlakarKorp/plakar/utils/ignore_file.go:31.38,33.3 1 0
github.com/PlakarKorp/plakar/utils/ignore_file.go:34.2,34.19 1 1
github.com/PlakarKorp/plakar/utils/opts.go:12.52,14.2 1 6
github.com/PlakarKorp/plakar/utils/opts.go:16.36,17.19 1 3
github.com/PlakarKorp/plakar/utils/opts.go:17.19,19.3 1 1
github.com/PlakarKorp/plakar/utils/opts.go:21.2,23.27 3 2
github.com/PlakarKorp/plakar/utils/opts.go:23.27,24.11 1 2
github.com/PlakarKorp/plakar/utils/opts.go:24.11,26.4 1 1
github.com/PlakarKorp/plakar/utils/opts.go:27.3,28.33 2 2
github.com/PlakarKorp/plakar/utils/opts.go:31.2,31.19 1 2
github.com/PlakarKorp/plakar/utils/opts.go:34.40,36.12 2 4
github.com/PlakarKorp/plakar/utils/opts.go:36.12,38.3 1 1
github.com/PlakarKorp/plakar/utils/opts.go:39.2,40.12 2 4
github.com/PlakarKorp/plakar/utils/time.go:31.45,33.2 1 2
github.com/PlakarKorp/plakar/utils/time.go:35.36,36.38 1 3
github.com/PlakarKorp/plakar/utils/time.go:36.38,38.3 1 2
github.com/PlakarKorp/plakar/utils/time.go:39.2,39.24 1 1
github.com/PlakarKorp/plakar/utils/time.go:42.40,44.16 2 3
github.com/PlakarKorp/plakar/utils/time.go:44.16,46.3 1 1
github.com/PlakarKorp/plakar/utils/time.go:47.2,48.12 2 2
github.com/PlakarKorp/plakar/utils/time.go:51.53,52.17 1 10
github.com/PlakarKorp/plakar/utils/time.go:52.17,54.3 1 2
github.com/PlakarKorp/plakar/utils/time.go:56.2,64.33 2 8
github.com/PlakarKorp/plakar/utils/time.go:64.33,65.54 1 32
github.com/PlakarKorp/plakar/utils/time.go:65.54,67.4 1 5
github.com/PlakarKorp/plakar/utils/time.go:71.2,72.16 2 3
github.com/PlakarKorp/plakar/utils/time.go:72.16,74.3 1 1
github.com/PlakarKorp/plakar/utils/time.go:76.2,76.66 1 2
github.com/PlakarKorp/plakar/utils/utils.go:46.50,50.19 4 7
github.com/PlakarKorp/plakar/utils/utils.go:50.19,52.32 2 4
github.com/PlakarKorp/plakar/utils/utils.go:52.32,53.40 1 4
github.com/PlakarKorp/plakar/utils/utils.go:53.40,55.5 1 2
github.com/PlakarKorp/plakar/utils/utils.go:58.2,58.24 1 7
github.com/PlakarKorp/plakar/utils/utils.go:69.46,70.40 1 3
github.com/PlakarKorp/plakar/utils/utils.go:70.40,72.3 1 3
github.com/PlakarKorp/plakar/utils/utils.go:74.2,78.46 4 0
github.com/PlakarKorp/plakar/utils/utils.go:78.46,80.3 1 0
github.com/PlakarKorp/plakar/utils/utils.go:82.2,83.16 2 0
github.com/PlakarKorp/plakar/utils/utils.go:83.16,85.3 1 0
github.com/PlakarKorp/plakar/utils/utils.go:87.2,87.13 1 0
github.com/PlakarKorp/plakar/utils/utils.go:90.76,91.34 1 0
github.com/PlakarKorp/plakar/utils/utils.go:91.34,93.3 1 0
github.com/PlakarKorp/plakar/utils/utils.go:95.2,96.16 2 0
github.com/PlakarKorp/plakar/utils/utils.go:96.16,98.3 1 0
github.com/PlakarKorp/plakar/utils/utils.go:100.2,104.16 4 0
github.com/PlakarKorp/plakar/utils/utils.go:104.16,106.3 1 0
github.com/PlakarKorp/plakar/utils/utils.go:107.2,111.16 4 0
github.com/PlakarKorp/plakar/utils/utils.go:111.16,113.3 1 0
github.com/PlakarKorp/plakar/utils/utils.go:115.2,116.38 2 0
github.com/PlakarKorp/plakar/utils/utils.go:116.38,117.35 1 0
github.com/PlakarKorp/plakar/utils/utils.go:117.35,118.12 1 0
github.com/PlakarKorp/plakar/utils/utils.go:120.3,120.48 1 0
github.com/PlakarKorp/plakar/utils/utils.go:120.48,121.12 1 0
github.com/PlakarKorp/plakar/utils/utils.go:124.3,126.79 2 0
github.com/PlakarKorp/plakar/utils/utils.go:126.79,128.4 1 0
github.com/PlakarKorp/plakar/utils/utils.go:130.3,130.33 1 0
github.com/PlakarKorp/plakar/utils/utils.go:130.33,131.12 1 0
github.com/PlakarKorp/plakar/utils/utils.go:134.3,135.41 2 0
github.com/PlakarKorp/plakar/utils/utils.go:135.41,137.4 1 0
github.com/PlakarKorp/plakar/utils/utils.go:138.3,138.44 1 0
github.com/PlakarKorp/plakar/utils/utils.go:138.44,140.4 1 0
github.com/PlakarKorp/plakar/utils/utils.go:143.2,143.8 1 0
github.com/PlakarKorp/plakar/utils/utils.go:146.70,150.16 4 0
github.com/PlakarKorp/plakar/utils/utils.go:150.16,152.3 1 0
github.com/PlakarKorp/plakar/utils/utils.go:153.2,153.24 1 0
github.com/PlakarKorp/plakar/utils/utils.go:156.51,161.16 3 0
github.com/PlakarKorp/plakar/utils/utils.go:161.16,164.3 2 0
github.com/PlakarKorp/plakar/utils/utils.go:166.2,166.56 1 0
github.com/PlakarKorp/plakar/utils/utils.go:169.59,171.22 2 5
github.com/PlakarKorp/plakar/utils/utils.go:172.17,173.37 1 0
github.com/PlakarKorp/plakar/utils/utils.go:174.10,175.41 1 5
github.com/PlakarKorp/plakar/utils/utils.go:178.2,179.16 2 5
github.com/PlakarKorp/plakar/utils/utils.go:179.16,181.3 1 0
github.com/PlakarKorp/plakar/utils/utils.go:183.2,183.34 1 5
github.com/PlakarKorp/plakar/utils/utils.go:183.34,185.3 1 0
github.com/PlakarKorp/plakar/utils/utils.go:187.2,190.18 4 5
github.com/PlakarKorp/plakar/utils/utils.go:190.18,193.3 2 5
github.com/PlakarKorp/plakar/utils/utils.go:196.2,198.33 2 5
github.com/PlakarKorp/plakar/utils/utils.go:198.33,200.3 1 1
github.com/PlakarKorp/plakar/utils/utils.go:202.2,202.35 1 4
github.com/PlakarKorp/plakar/utils/utils.go:202.35,204.3 1 0
github.com/PlakarKorp/plakar/utils/utils.go:206.2,206.16 1 4
github.com/PlakarKorp/plakar/utils/utils.go:206.16,208.3 1 2
github.com/PlakarKorp/plakar/utils/utils.go:210.2,210.18 1 2
github.com/PlakarKorp/plakar/utils/utils.go:213.93,218.16 3 0
github.com/PlakarKorp/plakar/utils/utils.go:218.16,221.3 2 0
github.com/PlakarKorp/plakar/utils/utils.go:223.2,226.18 3 0
github.com/PlakarKorp/plakar/utils/utils.go:226.18,229.17 2 0
github.com/PlakarKorp/plakar/utils/utils.go:229.17,231.4 1 0
github.com/PlakarKorp/plakar/utils/utils.go:233.3,233.55 1 0
github.com/PlakarKorp/plakar/utils/utils.go:233.55,238.18 4 0
github.com/PlakarKorp/plakar/utils/utils.go:238.18,240.13 2 0
github.com/PlakarKorp/plakar/utils/utils.go:244.3,248.17 4 0
github.com/PlakarKorp/plakar/utils/utils.go:248.17,250.4 1 0
github.com/PlakarKorp/plakar/utils/utils.go:252.3,252.49 1 0
github.com/PlakarKorp/plakar/utils/utils.go:252.49,254.12 2 0
github.com/PlakarKorp/plakar/utils/utils.go:257.3,257.26 1 0
github.com/PlakarKorp/plakar/utils/utils.go:260.2,260.52 1 0
github.com/PlakarKorp/plakar/utils/utils.go:263.50,266.22 2 4
github.com/PlakarKorp/plakar/utils/utils.go:267.17,268.39 1 0
github.com/PlakarKorp/plakar/utils/utils.go:269.10,270.41 1 4
github.com/PlakarKorp/plakar/utils/utils.go:273.2,273.20 1 4
github.com/PlakarKorp/plakar/utils/utils.go:273.20,275.17 2 2
github.com/PlakarKorp/plakar/utils/utils.go:275.17,277.4 1 1
github.com/PlakarKorp/plakar/utils/utils.go:278.3,278.32 1 1
github.com/PlakarKorp/plakar/utils/utils.go:278.32,280.4 1 0
github.com/PlakarKorp/plakar/utils/utils.go:280.9,282.4 1 1
github.com/PlakarKorp/plakar/utils/utils.go:283.8,285.3 1 2
github.com/PlakarKorp/plakar/utils/utils.go:287.2,287.22 1 3
github.com/PlakarKorp/plakar/utils/utils.go:290.51,293.22 2 4
github.com/PlakarKorp/plakar/utils/utils.go:294.17,295.40 1 0
github.com/PlakarKorp/plakar/utils/utils.go:296.10,297.43 1 4
github.com/PlakarKorp/plakar/utils/utils.go:300.2,300.21 1 4
github.com/PlakarKorp/plakar/utils/utils.go:300.21,302.17 2 2
github.com/PlakarKorp/plakar/utils/utils.go:302.17,304.4 1 1
github.com/PlakarKorp/plakar/utils/utils.go:305.3,305.57 1 1
github.com/PlakarKorp/plakar/utils/utils.go:306.8,308.3 1 2
github.com/PlakarKorp/plakar/utils/utils.go:310.2,310.23 1 3
github.com/PlakarKorp/plakar/utils/utils.go:313.49,316.22 2 4
github.com/PlakarKorp/plakar/utils/utils.go:317.17,318.38 1 0
github.com/PlakarKorp/plakar/utils/utils.go:319.10,320.39 1 4
github.com/PlakarKorp/plakar/utils/utils.go:323.2,323.19 1 4
github.com/PlakarKorp/plakar/utils/utils.go:323.19,325.17 2 2
github.com/PlakarKorp/plakar/utils/utils.go:325.17,327.4 1 1
github.com/PlakarKorp/plakar/utils/utils.go:328.3,328.63 1 1
github.com/PlakarKorp/plakar/utils/utils.go:329.8,331.3 1 2
github.com/PlakarKorp/plakar/utils/utils.go:333.2,333.21 1 3
github.com/PlakarKorp/plakar/utils/utils.go:336.29,338.42 2 1
github.com/PlakarKorp/plakar/utils/utils.go:338.42,339.44 1 1
github.com/PlakarKorp/plakar/utils/utils.go:339.44,340.42 1 1
github.com/PlakarKorp/plakar/utils/utils.go:340.42,341.38 1 11
github.com/PlakarKorp/plakar/utils/utils.go:341.38,343.6 1 0
github.com/PlakarKorp/plakar/utils/utils.go:347.2,347.16 1 1
github.com/PlakarKorp/plakar/utils/utils.go:350.13,351.30 1 1
github.com/PlakarKorp/plakar/utils/utils.go:351.30,352.60 1 0
github.com/PlakarKorp/plakar/utils/utils.go:356.26,358.2 1 1
github.com/PlakarKorp/plakar/utils/utils.go:361.18,363.3 1 1
github.com/PlakarKorp/plakar/utils/utils.go:366.30,367.24 1 12
github.com/PlakarKorp/plakar/utils/utils.go:367.24,368.26 1 98
github.com/PlakarKorp/plakar/utils/utils.go:368.26,370.4 1 6
github.com/PlakarKorp/plakar/utils/utils.go:372.2,372.13 1 6
github.com/PlakarKorp/plakar/utils/utils.go:375.40,376.19 1 6
github.com/PlakarKorp/plakar/utils/utils.go:376.19,378.3 1 3
github.com/PlakarKorp/plakar/utils/utils.go:380.2,384.26 4 3
github.com/PlakarKorp/plakar/utils/utils.go:384.26,385.25 1 31
github.com/PlakarKorp/plakar/utils/utils.go:385.25,387.4 1 26
github.com/PlakarKorp/plakar/utils/utils.go:387.9,389.4 1 5
github.com/PlakarKorp/plakar/utils/utils.go:392.2,392.20 1 3
github.com/PlakarKorp/plakar/utils/utils.go:395.50,396.17 1 6
github.com/PlakarKorp/plakar/utils/utils.go:396.17,398.3 1 1
github.com/PlakarKorp/plakar/utils/utils.go:399.2,400.16 2 5
github.com/PlakarKorp/plakar/utils/utils.go:400.16,402.3 1 1
github.com/PlakarKorp/plakar/utils/utils.go:403.2,403.27 1 4
github.com/PlakarKorp/plakar/utils/utils.go:403.27,405.3 1 2
github.com/PlakarKorp/plakar/utils/utils.go:406.2,406.26 1 2
github.com/PlakarKorp/plakar/subcommands/sync/sync.go:50.13,51.53 1 1
github.com/PlakarKorp/plakar/subcommands/sync/sync.go:51.53,51.71 1 1
github.com/PlakarKorp/plakar/subcommands/sync/sync.go:54.73,58.23 3 28
github.com/PlakarKorp/plakar/subcommands/sync/sync.go:58.23,63.3 4 0
github.com/PlakarKorp/plakar/subcommands/sync/sync.go:65.2,71.22 5 28
github.com/PlakarKorp/plakar/subcommands/sync/sync.go:71.22,73.3 1 1
github.com/PlakarKorp/plakar/subcommands/sync/sync.go:75.2,79.19 4 27
github.com/PlakarKorp/plakar/subcommands/sync/sync.go:80.9,82.31 2 23
github.com/PlakarKorp/plakar/subcommands/sync/sync.go:83.9,84.36 1 2
github.com/PlakarKorp/plakar/subcommands/sync/sync.go:84.36,86.4 1 1
github.com/PlakarKorp/plakar/subcommands/sync/sync.go:87.3,89.31 3 2
github.com/PlakarKorp/plakar/subcommands/sync/sync.go:91.10,92.70 1 2
github.com/PlakarKorp/plakar/subcommands/sync/sync.go:95.2,95.69 1 25
github.com/PlakarKorp/plakar/subcommands/sync/sync.go:95.69,97.3 1 1
github.com/PlakarKorp/plakar/subcommands/sync/sync.go:99.2,100.16 2 24
github.com/PlakarKorp/plakar/subcommands/sync/sync.go:100.16,102.3 1 1
github.com/PlakarKorp/plakar/subcommands/sync/sync.go:104.2,105.16 2 23
github.com/PlakarKorp/plakar/subcommands/sync/sync.go:105.16,107.3 1 2
github.com/PlakarKorp/plakar/subcommands/sync/sync.go:109.2,110.16 2 21
github.com/PlakarKorp/plakar/subcommands/sync/sync.go:110.16,112.3 1 0
github.com/PlakarKorp/plakar/subcommands/sync/sync.go:114.2,115.39 2 21
github.com/PlakarKorp/plakar/subcommands/sync/sync.go:115.39,116.48 1 9
github.com/PlakarKorp/plakar/subcommands/sync/sync.go:116.48,118.18 2 7
github.com/PlakarKorp/plakar/subcommands/sync/sync.go:118.18,120.5 1 0
github.com/PlakarKorp/plakar/subcommands/sync/sync.go:121.4,121.65 1 7
github.com/PlakarKorp/plakar/subcommands/sync/sync.go:121.65,123.5 1 1
github.com/PlakarKorp/plakar/subcommands/sync/sync.go:124.4,124.20 1 6
github.com/PlakarKorp/plakar/subcommands/sync/sync.go:125.9,125.58 1 2
github.com/PlakarKorp/plakar/subcommands/sync/sync.go:125.58,127.18 2 2
github.com/PlakarKorp/plakar/subcommands/sync/sync.go:127.18,129.5 1 0
github.com/PlakarKorp/plakar/subcommands/sync/sync.go:130.4,131.18 2 2
github.com/PlakarKorp/plakar/subcommands/sync/sync.go:131.18,133.5 1 0
github.com/PlakarKorp/plakar/subcommands/sync/sync.go:134.4,134.65 1 2
github.com/PlakarKorp/plakar/subcommands/sync/sync.go:134.65,136.5 1 1
github.com/PlakarKorp/plakar/subcommands/sync/sync.go:137.4,137.20 1 1
github.com/PlakarKorp/plakar/subcommands/sync/sync.go:138.9,139.8 1 0
github.com/PlakarKorp/plakar/subcommands/sync/sync.go:139.8,141.19 2 0
github.com/PlakarKorp/plakar/subcommands/sync/sync.go:141.19,143.14 2 0
github.com/PlakarKorp/plakar/subcommands/sync/sync.go:146.5,147.19 2 0
github.com/PlakarKorp/plakar/subcommands/sync/sync.go:147.19,149.6 1 0
github.com/PlakarKorp/plakar/subcommands/sync/sync.go:150.5,150.66 1 0
github.com/PlakarKorp/plakar/subcommands/sync/sync.go:150.66,152.6 1 0
github.com/PlakarKorp/plakar/subcommands/sync/sync.go:153.5,154.10 2 0
github.com/PlakarKorp/plakar/subcommands/sync/sync.go:159.2,162.16 4 19
github.com/PlakarKorp/plakar/subcommands/sync/sync.go:162.16,164.3 1 0
github.com/PlakarKorp/plakar/subcommands/sync/sync.go:166.2,171.12 5 19
github.com/PlakarKorp/plakar/subcommands/sync/sync.go:174.96,176.16 2 18
github.com/PlakarKorp/plakar/subcommands/sync/sync.go:176.16,178.3 1 0
github.com/PlakarKorp/plakar/subcommands/sync/sync.go:180.2,181.16 2 18
github.com/PlakarKorp/plakar/subcommands/sync/sync.go:181.16,183.3 1 0
github.com/PlakarKorp/plakar/subcommands/sync/sync.go:185.2,189.16 5 18
github.com/PlakarKorp/plakar/subcommands/sync/sync.go:189.16,191.3 1 0
github.com/PlakarKorp/plakar/subcommands/sync/sync.go:193.2,193.129 1 18
github.com/PlakarKorp/plakar/subcommands/sync/sync.go:193.129,195.3 1 0
github.com/PlakarKorp/plakar/subcommands/sync/sync.go:197.2,197.86 1 18
github.com/PlakarKorp/plakar/subcommands/sync/sync.go:197.86,198.87 1 1
github.com/PlakarKorp/plakar/subcommands/sync/sync.go:198.87,200.4 1 1
github.com/PlakarKorp/plakar/subcommands/sync/sync.go:202.3,215.74 14 0
github.com/PlakarKorp/plakar/subcommands/sync/sync.go:218.2,218.41 1 17
github.com/PlakarKorp/plakar/subcommands/sync/sync.go:218.41,220.17 2 16
github.com/PlakarKorp/plakar/subcommands/sync/sync.go:220.17,222.4 1 0
github.com/PlakarKorp/plakar/subcommands/sync/sync.go:223.3,224.46 2 16
github.com/PlakarKorp/plakar/subcommands/sync/sync.go:225.8,227.3 1 1
github.com/PlakarKorp/plakar/subcommands/sync/sync.go:229.2,233.23 4 17
github.com/PlakarKorp/plakar/subcommands/sync/sync.go:234.12,236.33 2 7
github.com/PlakarKorp/plakar/subcommands/sync/sync.go:237.14,243.16 6 6
github.com/PlakarKorp/plakar/subcommands/sync/sync.go:244.14,246.33 2 4
github.com/PlakarKorp/plakar/subcommands/sync/sync.go:247.10,248.124 1 0
github.com/PlakarKorp/plakar/subcommands/sync/sync.go:251.2,257.57 5 17
github.com/PlakarKorp/plakar/subcommands/sync/sync.go:257.57,258.17 1 15
github.com/PlakarKorp/plakar/subcommands/sync/sync.go:258.17,260.4 1 0
github.com/PlakarKorp/plakar/subcommands/sync/sync.go:261.3,261.39 1 15
github.com/PlakarKorp/plakar/subcommands/sync/sync.go:264.2,264.57 1 17
github.com/PlakarKorp/plakar/subcommands/sync/sync.go:264.57,265.17 1 4
github.com/PlakarKorp/plakar/subcommands/sync/sync.go:265.17,267.4 1 0
github.com/PlakarKorp/plakar/subcommands/sync/sync.go:268.3,268.39 1 4
github.com/PlakarKorp/plakar/subcommands/sync/sync.go:271.2,274.16 3 17
github.com/PlakarKorp/plakar/subcommands/sync/sync.go:274.16,276.3 1 0
github.com/PlakarKorp/plakar/subcommands/sync/sync.go:277.2,277.29 1 17
github.com/PlakarKorp/plakar/subcommands/sync/sync.go:277.29,278.31 1 13
github.com/PlakarKorp/plakar/subcommands/sync/sync.go:278.31,281.4 2 2
github.com/PlakarKorp/plakar/subcommands/sync/sync.go:284.2,284.44 1 15
github.com/PlakarKorp/plakar/subcommands/sync/sync.go:284.44,285.56 1 15
github.com/PlakarKorp/plakar/subcommands/sync/sync.go:285.56,287.4 1 15
github.com/PlakarKorp/plakar/subcommands/sync/sync.go:290.2,291.41 2 15
github.com/PlakarKorp/plakar/subcommands/sync/sync.go:291.41,292.35 1 15
github.com/PlakarKorp/plakar/subcommands/sync/sync.go:292.35,294.4 1 0
github.com/PlakarKorp/plakar/subcommands/sync/sync.go:296.3,297.17 2 15
github.com/PlakarKorp/plakar/subcommands/sync/sync.go:297.17,300.4 1 0
github.com/PlakarKorp/plakar/subcommands/sync/sync.go:300.9,302.4 1 15
github.com/PlakarKorp/plakar/subcommands/sync/sync.go:305.2,305.23 1 15
github.com/PlakarKorp/plakar/subcommands/sync/sync.go:306.14,309.17 2 4
github.com/PlakarKorp/plakar/subcommands/sync/sync.go:309.17,311.4 1 0
github.com/PlakarKorp/plakar/subcommands/sync/sync.go:313.3,321.45 8 4
github.com/PlakarKorp/plakar/subcommands/sync/sync.go:321.45,322.57 1 8
github.com/PlakarKorp/plakar/subcommands/sync/sync.go:322.57,324.5 1 4
github.com/PlakarKorp/plakar/subcommands/sync/sync.go:327.3,328.42 2 4
github.com/PlakarKorp/plakar/subcommands/sync/sync.go:328.42,329.36 1 4
github.com/PlakarKorp/plakar/subcommands/sync/sync.go:329.36,331.5 1 0
github.com/PlakarKorp/plakar/subcommands/sync/sync.go:333.4,334.18 2 4
github.com/PlakarKorp/plakar/subcommands/sync/sync.go:334.18,337.5 1 0
github.com/PlakarKorp/plakar/subcommands/sync/sync.go:337.10,339.5 1 4
github.com/PlakarKorp/plakar/subcommands/sync/sync.go:341.3,344.24 1 4
github.com/PlakarKorp/plakar/subcommands/sync/sync.go:345.12,349.14 1 6
github.com/PlakarKorp/plakar/subcommands/sync/sync.go:350.10,354.14 1 5
github.com/PlakarKorp/plakar/subcommands/sync/sync.go:357.2,357.15 1 15
github.com/PlakarKorp/plakar/subcommands/sync/sync.go:360.184,366.16 5 19
github.com/PlakarKorp/plakar/subcommands/sync/sync.go:366.16,368.3 1 0
github.com/PlakarKorp/plakar/subcommands/sync/sync.go:369.2,376.16 3 19
github.com/PlakarKorp/plakar/subcommands/sync/sync.go:376.16,378.3 1 0
github.com/PlakarKorp/plakar/subcommands/sync/sync.go:379.2,385.24 4 19
github.com/PlakarKorp/plakar/subcommands/sync/sync.go:385.24,400.17 2 19
github.com/PlakarKorp/plakar/subcommands/sync/sync.go:400.17,402.4 1 0
github.com/PlakarKorp/plakar/subcommands/sync/sync.go:404.3,404.25 1 19
github.com/PlakarKorp/plakar/subcommands/sync/sync.go:404.25,406.18 2 8
github.com/PlakarKorp/plakar/subcommands/sync/sync.go:406.18,408.5 1 0
github.com/PlakarKorp/plakar/subcommands/sync/sync.go:409.4,412.18 3 8
github.com/PlakarKorp/plakar/subcommands/sync/sync.go:412.18,414.5 1 0
github.com/PlakarKorp/plakar/subcommands/sync/sync.go:418.2,420.61 2 19
github.com/PlakarKorp/plakar/subcommands/sync/sync.go:420.61,422.3 1 0
github.com/PlakarKorp/plakar/subcommands/sync/sync.go:424.2,425.12 2 19
github.com/PlakarKorp/plakar/subcommands/sync/sync.go:430.131,431.56 1 19
github.com/PlakarKorp/plakar/subcommands/sync/sync.go:431.56,436.3 2 19
